\BOOKMARK [1][-]{section.1}{\376\377\000M\000a\000i\000n\000\040\000P\000a\000g\000e}{}% 1
\BOOKMARK [1][-]{section.2}{\376\377\000C\000l\000a\000s\000s\000\040\000I\000n\000d\000e\000x}{}% 2
\BOOKMARK [2][-]{subsection.2.1}{\376\377\000C\000l\000a\000s\000s\000\040\000H\000i\000e\000r\000a\000r\000c\000h\000y}{section.2}% 3
\BOOKMARK [1][-]{section.3}{\376\377\000C\000l\000a\000s\000s\000\040\000I\000n\000d\000e\000x}{}% 4
\BOOKMARK [2][-]{subsection.3.1}{\376\377\000C\000l\000a\000s\000s\000\040\000L\000i\000s\000t}{section.3}% 5
\BOOKMARK [1][-]{section.4}{\376\377\000F\000i\000l\000e\000\040\000I\000n\000d\000e\000x}{}% 6
\BOOKMARK [2][-]{subsection.4.1}{\376\377\000F\000i\000l\000e\000\040\000L\000i\000s\000t}{section.4}% 7
\BOOKMARK [1][-]{section.5}{\376\377\000C\000l\000a\000s\000s\000\040\000D\000o\000c\000u\000m\000e\000n\000t\000a\000t\000i\000o\000n}{}% 8
\BOOKMARK [2][-]{subsection.5.1}{\376\377\000C\000m\000d\000P\000r\000o\000c\000e\000s\000s\000o\000r\000\040\000C\000l\000a\000s\000s\000\040\000R\000e\000f\000e\000r\000e\000n\000c\000e}{section.5}% 9
\BOOKMARK [3][-]{subsubsection.5.1.1}{\376\377\000D\000e\000t\000a\000i\000l\000e\000d\000\040\000D\000e\000s\000c\000r\000i\000p\000t\000i\000o\000n}{subsection.5.1}% 10
\BOOKMARK [3][-]{subsubsection.5.1.2}{\376\377\000C\000o\000n\000s\000t\000r\000u\000c\000t\000o\000r\000\040\000\046\000\040\000D\000e\000s\000t\000r\000u\000c\000t\000o\000r\000\040\000D\000o\000c\000u\000m\000e\000n\000t\000a\000t\000i\000o\000n}{subsection.5.1}% 11
\BOOKMARK [3][-]{subsubsection.5.1.3}{\376\377\000M\000e\000m\000b\000e\000r\000\040\000F\000u\000n\000c\000t\000i\000o\000n\000\040\000D\000o\000c\000u\000m\000e\000n\000t\000a\000t\000i\000o\000n}{subsection.5.1}% 12
\BOOKMARK [3][-]{subsubsection.5.1.4}{\376\377\000M\000e\000m\000b\000e\000r\000\040\000D\000a\000t\000a\000\040\000D\000o\000c\000u\000m\000e\000n\000t\000a\000t\000i\000o\000n}{subsection.5.1}% 13
\BOOKMARK [2][-]{subsection.5.2}{\376\377\000F\000i\000f\000o\000\040\000C\000l\000a\000s\000s\000\040\000R\000e\000f\000e\000r\000e\000n\000c\000e}{section.5}% 14
\BOOKMARK [3][-]{subsubsection.5.2.1}{\376\377\000D\000e\000t\000a\000i\000l\000e\000d\000\040\000D\000e\000s\000c\000r\000i\000p\000t\000i\000o\000n}{subsection.5.2}% 15
\BOOKMARK [3][-]{subsubsection.5.2.2}{\376\377\000M\000e\000m\000b\000e\000r\000\040\000T\000y\000p\000e\000d\000e\000f\000\040\000D\000o\000c\000u\000m\000e\000n\000t\000a\000t\000i\000o\000n}{subsection.5.2}% 16
\BOOKMARK [3][-]{subsubsection.5.2.3}{\376\377\000C\000o\000n\000s\000t\000r\000u\000c\000t\000o\000r\000\040\000\046\000\040\000D\000e\000s\000t\000r\000u\000c\000t\000o\000r\000\040\000D\000o\000c\000u\000m\000e\000n\000t\000a\000t\000i\000o\000n}{subsection.5.2}% 17
\BOOKMARK [3][-]{subsubsection.5.2.4}{\376\377\000M\000e\000m\000b\000e\000r\000\040\000F\000u\000n\000c\000t\000i\000o\000n\000\040\000D\000o\000c\000u\000m\000e\000n\000t\000a\000t\000i\000o\000n}{subsection.5.2}% 18
\BOOKMARK [3][-]{subsubsection.5.2.5}{\376\377\000M\000e\000m\000b\000e\000r\000\040\000D\000a\000t\000a\000\040\000D\000o\000c\000u\000m\000e\000n\000t\000a\000t\000i\000o\000n}{subsection.5.2}% 19
\BOOKMARK [2][-]{subsection.5.3}{\376\377\000H\000a\000r\000d\000w\000a\000r\000e\000S\000e\000r\000i\000a\000l\000\040\000C\000l\000a\000s\000s\000\040\000R\000e\000f\000e\000r\000e\000n\000c\000e}{section.5}% 20
\BOOKMARK [3][-]{subsubsection.5.3.1}{\376\377\000D\000e\000t\000a\000i\000l\000e\000d\000\040\000D\000e\000s\000c\000r\000i\000p\000t\000i\000o\000n}{subsection.5.3}% 21
\BOOKMARK [3][-]{subsubsection.5.3.2}{\376\377\000C\000o\000n\000s\000t\000r\000u\000c\000t\000o\000r\000\040\000\046\000\040\000D\000e\000s\000t\000r\000u\000c\000t\000o\000r\000\040\000D\000o\000c\000u\000m\000e\000n\000t\000a\000t\000i\000o\000n}{subsection.5.3}% 22
\BOOKMARK [3][-]{subsubsection.5.3.3}{\376\377\000M\000e\000m\000b\000e\000r\000\040\000F\000u\000n\000c\000t\000i\000o\000n\000\040\000D\000o\000c\000u\000m\000e\000n\000t\000a\000t\000i\000o\000n}{subsection.5.3}% 23
\BOOKMARK [3][-]{subsubsection.5.3.4}{\376\377\000M\000e\000m\000b\000e\000r\000\040\000D\000a\000t\000a\000\040\000D\000o\000c\000u\000m\000e\000n\000t\000a\000t\000i\000o\000n}{subsection.5.3}% 24
\BOOKMARK [2][-]{subsection.5.4}{\376\377\000I\0002\000C\000\137\000M\000a\000s\000t\000e\000r\000\040\000C\000l\000a\000s\000s\000\040\000R\000e\000f\000e\000r\000e\000n\000c\000e}{section.5}% 25
\BOOKMARK [3][-]{subsubsection.5.4.1}{\376\377\000D\000e\000t\000a\000i\000l\000e\000d\000\040\000D\000e\000s\000c\000r\000i\000p\000t\000i\000o\000n}{subsection.5.4}% 26
\BOOKMARK [3][-]{subsubsection.5.4.2}{\376\377\000M\000e\000m\000b\000e\000r\000\040\000T\000y\000p\000e\000d\000e\000f\000\040\000D\000o\000c\000u\000m\000e\000n\000t\000a\000t\000i\000o\000n}{subsection.5.4}% 27
\BOOKMARK [3][-]{subsubsection.5.4.3}{\376\377\000M\000e\000m\000b\000e\000r\000\040\000E\000n\000u\000m\000e\000r\000a\000t\000i\000o\000n\000\040\000D\000o\000c\000u\000m\000e\000n\000t\000a\000t\000i\000o\000n}{subsection.5.4}% 28
\BOOKMARK [3][-]{subsubsection.5.4.4}{\376\377\000C\000o\000n\000s\000t\000r\000u\000c\000t\000o\000r\000\040\000\046\000\040\000D\000e\000s\000t\000r\000u\000c\000t\000o\000r\000\040\000D\000o\000c\000u\000m\000e\000n\000t\000a\000t\000i\000o\000n}{subsection.5.4}% 29
\BOOKMARK [3][-]{subsubsection.5.4.5}{\376\377\000M\000e\000m\000b\000e\000r\000\040\000F\000u\000n\000c\000t\000i\000o\000n\000\040\000D\000o\000c\000u\000m\000e\000n\000t\000a\000t\000i\000o\000n}{subsection.5.4}% 30
\BOOKMARK [3][-]{subsubsection.5.4.6}{\376\377\000M\000e\000m\000b\000e\000r\000\040\000D\000a\000t\000a\000\040\000D\000o\000c\000u\000m\000e\000n\000t\000a\000t\000i\000o\000n}{subsection.5.4}% 31
\BOOKMARK [2][-]{subsection.5.5}{\376\377\000I\0002\000C\000N\000o\000t\000i\000f\000y\000\040\000C\000l\000a\000s\000s\000\040\000R\000e\000f\000e\000r\000e\000n\000c\000e}{section.5}% 32
\BOOKMARK [3][-]{subsubsection.5.5.1}{\376\377\000D\000e\000t\000a\000i\000l\000e\000d\000\040\000D\000e\000s\000c\000r\000i\000p\000t\000i\000o\000n}{subsection.5.5}% 33
\BOOKMARK [3][-]{subsubsection.5.5.2}{\376\377\000M\000e\000m\000b\000e\000r\000\040\000F\000u\000n\000c\000t\000i\000o\000n\000\040\000D\000o\000c\000u\000m\000e\000n\000t\000a\000t\000i\000o\000n}{subsection.5.5}% 34
\BOOKMARK [2][-]{subsection.5.6}{\376\377\000I\000M\000U\000\040\000C\000l\000a\000s\000s\000\040\000R\000e\000f\000e\000r\000e\000n\000c\000e}{section.5}% 35
\BOOKMARK [3][-]{subsubsection.5.6.1}{\376\377\000D\000e\000t\000a\000i\000l\000e\000d\000\040\000D\000e\000s\000c\000r\000i\000p\000t\000i\000o\000n}{subsection.5.6}% 36
\BOOKMARK [3][-]{subsubsection.5.6.2}{\376\377\000M\000e\000m\000b\000e\000r\000\040\000T\000y\000p\000e\000d\000e\000f\000\040\000D\000o\000c\000u\000m\000e\000n\000t\000a\000t\000i\000o\000n}{subsection.5.6}% 37
\BOOKMARK [3][-]{subsubsection.5.6.3}{\376\377\000M\000e\000m\000b\000e\000r\000\040\000E\000n\000u\000m\000e\000r\000a\000t\000i\000o\000n\000\040\000D\000o\000c\000u\000m\000e\000n\000t\000a\000t\000i\000o\000n}{subsection.5.6}% 38
\BOOKMARK [3][-]{subsubsection.5.6.4}{\376\377\000C\000o\000n\000s\000t\000r\000u\000c\000t\000o\000r\000\040\000\046\000\040\000D\000e\000s\000t\000r\000u\000c\000t\000o\000r\000\040\000D\000o\000c\000u\000m\000e\000n\000t\000a\000t\000i\000o\000n}{subsection.5.6}% 39
\BOOKMARK [3][-]{subsubsection.5.6.5}{\376\377\000M\000e\000m\000b\000e\000r\000\040\000F\000u\000n\000c\000t\000i\000o\000n\000\040\000D\000o\000c\000u\000m\000e\000n\000t\000a\000t\000i\000o\000n}{subsection.5.6}% 40
\BOOKMARK [3][-]{subsubsection.5.6.6}{\376\377\000M\000e\000m\000b\000e\000r\000\040\000D\000a\000t\000a\000\040\000D\000o\000c\000u\000m\000e\000n\000t\000a\000t\000i\000o\000n}{subsection.5.6}% 41
\BOOKMARK [2][-]{subsection.5.7}{\376\377\000I\000M\000U\000B\000a\000s\000e\000\040\000C\000l\000a\000s\000s\000\040\000R\000e\000f\000e\000r\000e\000n\000c\000e}{section.5}% 42
\BOOKMARK [3][-]{subsubsection.5.7.1}{\376\377\000D\000e\000t\000a\000i\000l\000e\000d\000\040\000D\000e\000s\000c\000r\000i\000p\000t\000i\000o\000n}{subsection.5.7}% 43
\BOOKMARK [3][-]{subsubsection.5.7.2}{\376\377\000M\000e\000m\000b\000e\000r\000\040\000F\000u\000n\000c\000t\000i\000o\000n\000\040\000D\000o\000c\000u\000m\000e\000n\000t\000a\000t\000i\000o\000n}{subsection.5.7}% 44
\BOOKMARK [2][-]{subsection.5.8}{\376\377\000P\000o\000r\000t\000\040\000C\000l\000a\000s\000s\000\040\000R\000e\000f\000e\000r\000e\000n\000c\000e}{section.5}% 45
\BOOKMARK [3][-]{subsubsection.5.8.1}{\376\377\000D\000e\000t\000a\000i\000l\000e\000d\000\040\000D\000e\000s\000c\000r\000i\000p\000t\000i\000o\000n}{subsection.5.8}% 46
\BOOKMARK [3][-]{subsubsection.5.8.2}{\376\377\000C\000o\000n\000s\000t\000r\000u\000c\000t\000o\000r\000\040\000\046\000\040\000D\000e\000s\000t\000r\000u\000c\000t\000o\000r\000\040\000D\000o\000c\000u\000m\000e\000n\000t\000a\000t\000i\000o\000n}{subsection.5.8}% 47
\BOOKMARK [3][-]{subsubsection.5.8.3}{\376\377\000M\000e\000m\000b\000e\000r\000\040\000F\000u\000n\000c\000t\000i\000o\000n\000\040\000D\000o\000c\000u\000m\000e\000n\000t\000a\000t\000i\000o\000n}{subsection.5.8}% 48
\BOOKMARK [3][-]{subsubsection.5.8.4}{\376\377\000M\000e\000m\000b\000e\000r\000\040\000D\000a\000t\000a\000\040\000D\000o\000c\000u\000m\000e\000n\000t\000a\000t\000i\000o\000n}{subsection.5.8}% 49
\BOOKMARK [2][-]{subsection.5.9}{\376\377\000P\000o\000r\000t\000N\000o\000t\000i\000f\000y\000\040\000C\000l\000a\000s\000s\000\040\000R\000e\000f\000e\000r\000e\000n\000c\000e}{section.5}% 50
\BOOKMARK [3][-]{subsubsection.5.9.1}{\376\377\000D\000e\000t\000a\000i\000l\000e\000d\000\040\000D\000e\000s\000c\000r\000i\000p\000t\000i\000o\000n}{subsection.5.9}% 51
\BOOKMARK [3][-]{subsubsection.5.9.2}{\376\377\000M\000e\000m\000b\000e\000r\000\040\000F\000u\000n\000c\000t\000i\000o\000n\000\040\000D\000o\000c\000u\000m\000e\000n\000t\000a\000t\000i\000o\000n}{subsection.5.9}% 52
\BOOKMARK [2][-]{subsection.5.10}{\376\377\000P\000r\000i\000n\000t\000\040\000C\000l\000a\000s\000s\000\040\000R\000e\000f\000e\000r\000e\000n\000c\000e}{section.5}% 53
\BOOKMARK [3][-]{subsubsection.5.10.1}{\376\377\000D\000e\000t\000a\000i\000l\000e\000d\000\040\000D\000e\000s\000c\000r\000i\000p\000t\000i\000o\000n}{subsection.5.10}% 54
\BOOKMARK [3][-]{subsubsection.5.10.2}{\376\377\000M\000e\000m\000b\000e\000r\000\040\000F\000u\000n\000c\000t\000i\000o\000n\000\040\000D\000o\000c\000u\000m\000e\000n\000t\000a\000t\000i\000o\000n}{subsection.5.10}% 55
\BOOKMARK [2][-]{subsection.5.11}{\376\377\000I\000M\000U\000:\000:\000r\000e\000g\000W\000r\000i\000t\000e\000\040\000S\000t\000r\000u\000c\000t\000\040\000R\000e\000f\000e\000r\000e\000n\000c\000e}{section.5}% 56
\BOOKMARK [3][-]{subsubsection.5.11.1}{\376\377\000D\000e\000t\000a\000i\000l\000e\000d\000\040\000D\000e\000s\000c\000r\000i\000p\000t\000i\000o\000n}{subsection.5.11}% 57
\BOOKMARK [3][-]{subsubsection.5.11.2}{\376\377\000M\000e\000m\000b\000e\000r\000\040\000D\000a\000t\000a\000\040\000D\000o\000c\000u\000m\000e\000n\000t\000a\000t\000i\000o\000n}{subsection.5.11}% 58
\BOOKMARK [2][-]{subsection.5.12}{\376\377\000r\000i\000n\000g\000\137\000b\000u\000f\000f\000e\000r\000\040\000S\000t\000r\000u\000c\000t\000\040\000R\000e\000f\000e\000r\000e\000n\000c\000e}{section.5}% 59
\BOOKMARK [3][-]{subsubsection.5.12.1}{\376\377\000D\000e\000t\000a\000i\000l\000e\000d\000\040\000D\000e\000s\000c\000r\000i\000p\000t\000i\000o\000n}{subsection.5.12}% 60
\BOOKMARK [3][-]{subsubsection.5.12.2}{\376\377\000M\000e\000m\000b\000e\000r\000\040\000D\000a\000t\000a\000\040\000D\000o\000c\000u\000m\000e\000n\000t\000a\000t\000i\000o\000n}{subsection.5.12}% 61
\BOOKMARK [2][-]{subsection.5.13}{\376\377\000T\000i\000m\000e\000r\000C\000n\000t\000r\000\040\000C\000l\000a\000s\000s\000\040\000R\000e\000f\000e\000r\000e\000n\000c\000e}{section.5}% 62
\BOOKMARK [3][-]{subsubsection.5.13.1}{\376\377\000D\000e\000t\000a\000i\000l\000e\000d\000\040\000D\000e\000s\000c\000r\000i\000p\000t\000i\000o\000n}{subsection.5.13}% 63
\BOOKMARK [3][-]{subsubsection.5.13.2}{\376\377\000C\000o\000n\000s\000t\000r\000u\000c\000t\000o\000r\000\040\000\046\000\040\000D\000e\000s\000t\000r\000u\000c\000t\000o\000r\000\040\000D\000o\000c\000u\000m\000e\000n\000t\000a\000t\000i\000o\000n}{subsection.5.13}% 64
\BOOKMARK [3][-]{subsubsection.5.13.3}{\376\377\000M\000e\000m\000b\000e\000r\000\040\000F\000u\000n\000c\000t\000i\000o\000n\000\040\000D\000o\000c\000u\000m\000e\000n\000t\000a\000t\000i\000o\000n}{subsection.5.13}% 65
\BOOKMARK [3][-]{subsubsection.5.13.4}{\376\377\000M\000e\000m\000b\000e\000r\000\040\000D\000a\000t\000a\000\040\000D\000o\000c\000u\000m\000e\000n\000t\000a\000t\000i\000o\000n}{subsection.5.13}% 66
\BOOKMARK [2][-]{subsection.5.14}{\376\377\000T\000i\000m\000e\000r\000N\000o\000t\000i\000f\000y\000\040\000C\000l\000a\000s\000s\000\040\000R\000e\000f\000e\000r\000e\000n\000c\000e}{section.5}% 67
\BOOKMARK [3][-]{subsubsection.5.14.1}{\376\377\000D\000e\000t\000a\000i\000l\000e\000d\000\040\000D\000e\000s\000c\000r\000i\000p\000t\000i\000o\000n}{subsection.5.14}% 68
\BOOKMARK [3][-]{subsubsection.5.14.2}{\376\377\000M\000e\000m\000b\000e\000r\000\040\000F\000u\000n\000c\000t\000i\000o\000n\000\040\000D\000o\000c\000u\000m\000e\000n\000t\000a\000t\000i\000o\000n}{subsection.5.14}% 69
\BOOKMARK [1][-]{section.6}{\376\377\000F\000i\000l\000e\000\040\000D\000o\000c\000u\000m\000e\000n\000t\000a\000t\000i\000o\000n}{}% 70
\BOOKMARK [2][-]{subsection.6.1}{\376\377\000c\000l\000k\000s\000y\000s\000t\000e\000m\000.\000c\000p\000p\000\040\000F\000i\000l\000e\000\040\000R\000e\000f\000e\000r\000e\000n\000c\000e}{section.6}% 71
\BOOKMARK [3][-]{subsubsection.6.1.1}{\376\377\000D\000e\000f\000i\000n\000e\000\040\000D\000o\000c\000u\000m\000e\000n\000t\000a\000t\000i\000o\000n}{subsection.6.1}% 72
\BOOKMARK [3][-]{subsubsection.6.1.2}{\376\377\000F\000u\000n\000c\000t\000i\000o\000n\000\040\000D\000o\000c\000u\000m\000e\000n\000t\000a\000t\000i\000o\000n}{subsection.6.1}% 73
\BOOKMARK [2][-]{subsection.6.2}{\376\377\000c\000l\000k\000s\000y\000s\000t\000e\000m\000.\000c\000p\000p}{section.6}% 74
\BOOKMARK [2][-]{subsection.6.3}{\376\377\000c\000l\000k\000s\000y\000s\000t\000e\000m\000.\000h\000\040\000F\000i\000l\000e\000\040\000R\000e\000f\000e\000r\000e\000n\000c\000e}{section.6}% 75
\BOOKMARK [3][-]{subsubsection.6.3.1}{\376\377\000F\000u\000n\000c\000t\000i\000o\000n\000\040\000D\000o\000c\000u\000m\000e\000n\000t\000a\000t\000i\000o\000n}{subsection.6.3}% 76
\BOOKMARK [2][-]{subsection.6.4}{\376\377\000c\000l\000k\000s\000y\000s\000t\000e\000m\000.\000h}{section.6}% 77
\BOOKMARK [2][-]{subsection.6.5}{\376\377\000C\000m\000d\000P\000r\000o\000c\000e\000s\000s\000o\000r\000.\000c\000p\000p\000\040\000F\000i\000l\000e\000\040\000R\000e\000f\000e\000r\000e\000n\000c\000e}{section.6}% 78
\BOOKMARK [2][-]{subsection.6.6}{\376\377\000C\000m\000d\000P\000r\000o\000c\000e\000s\000s\000o\000r\000.\000c\000p\000p}{section.6}% 79
\BOOKMARK [2][-]{subsection.6.7}{\376\377\000C\000m\000d\000P\000r\000o\000c\000e\000s\000s\000o\000r\000.\000h\000\040\000F\000i\000l\000e\000\040\000R\000e\000f\000e\000r\000e\000n\000c\000e}{section.6}% 80
\BOOKMARK [2][-]{subsection.6.8}{\376\377\000C\000m\000d\000P\000r\000o\000c\000e\000s\000s\000o\000r\000.\000h}{section.6}% 81
\BOOKMARK [2][-]{subsection.6.9}{\376\377\000c\000p\000p\000\137\000h\000a\000c\000k\000s\000.\000c\000p\000p\000\040\000F\000i\000l\000e\000\040\000R\000e\000f\000e\000r\000e\000n\000c\000e}{section.6}% 82
\BOOKMARK [3][-]{subsubsection.6.9.1}{\376\377\000F\000u\000n\000c\000t\000i\000o\000n\000\040\000D\000o\000c\000u\000m\000e\000n\000t\000a\000t\000i\000o\000n}{subsection.6.9}% 83
\BOOKMARK [2][-]{subsection.6.10}{\376\377\000c\000p\000p\000\137\000h\000a\000c\000k\000s\000.\000c\000p\000p}{section.6}% 84
\BOOKMARK [2][-]{subsection.6.11}{\376\377\000c\000p\000p\000\137\000h\000a\000c\000k\000s\000.\000h\000\040\000F\000i\000l\000e\000\040\000R\000e\000f\000e\000r\000e\000n\000c\000e}{section.6}% 85
\BOOKMARK [3][-]{subsubsection.6.11.1}{\376\377\000F\000u\000n\000c\000t\000i\000o\000n\000\040\000D\000o\000c\000u\000m\000e\000n\000t\000a\000t\000i\000o\000n}{subsection.6.11}% 86
\BOOKMARK [2][-]{subsection.6.12}{\376\377\000c\000p\000p\000\137\000h\000a\000c\000k\000s\000.\000h}{section.6}% 87
\BOOKMARK [2][-]{subsection.6.13}{\376\377\000D\000o\000c\000u\000m\000e\000n\000t\000a\000t\000i\000o\000n\000.\000h\000t\000m\000l\000\040\000F\000i\000l\000e\000\040\000R\000e\000f\000e\000r\000e\000n\000c\000e}{section.6}% 88
\BOOKMARK [2][-]{subsection.6.14}{\376\377\000D\000o\000c\000u\000m\000e\000n\000t\000a\000t\000i\000o\000n\000.\000h\000t\000m\000l}{section.6}% 89
\BOOKMARK [2][-]{subsection.6.15}{\376\377\000f\000i\000f\000o\000.\000c\000p\000p\000\040\000F\000i\000l\000e\000\040\000R\000e\000f\000e\000r\000e\000n\000c\000e}{section.6}% 90
\BOOKMARK [3][-]{subsubsection.6.15.1}{\376\377\000F\000u\000n\000c\000t\000i\000o\000n\000\040\000D\000o\000c\000u\000m\000e\000n\000t\000a\000t\000i\000o\000n}{subsection.6.15}% 91
\BOOKMARK [2][-]{subsection.6.16}{\376\377\000f\000i\000f\000o\000.\000c\000p\000p}{section.6}% 92
\BOOKMARK [2][-]{subsection.6.17}{\376\377\000f\000i\000f\000o\000.\000h\000\040\000F\000i\000l\000e\000\040\000R\000e\000f\000e\000r\000e\000n\000c\000e}{section.6}% 93
\BOOKMARK [3][-]{subsubsection.6.17.1}{\376\377\000F\000u\000n\000c\000t\000i\000o\000n\000\040\000D\000o\000c\000u\000m\000e\000n\000t\000a\000t\000i\000o\000n}{subsection.6.17}% 94
\BOOKMARK [2][-]{subsection.6.18}{\376\377\000f\000i\000f\000o\000.\000h}{section.6}% 95
\BOOKMARK [2][-]{subsection.6.19}{\376\377\000G\000y\000r\000o\000A\000c\000c\000.\000c\000p\000p\000\040\000F\000i\000l\000e\000\040\000R\000e\000f\000e\000r\000e\000n\000c\000e}{section.6}% 96
\BOOKMARK [3][-]{subsubsection.6.19.1}{\376\377\000F\000u\000n\000c\000t\000i\000o\000n\000\040\000D\000o\000c\000u\000m\000e\000n\000t\000a\000t\000i\000o\000n}{subsection.6.19}% 97
\BOOKMARK [3][-]{subsubsection.6.19.2}{\376\377\000V\000a\000r\000i\000a\000b\000l\000e\000\040\000D\000o\000c\000u\000m\000e\000n\000t\000a\000t\000i\000o\000n}{subsection.6.19}% 98
\BOOKMARK [2][-]{subsection.6.20}{\376\377\000G\000y\000r\000o\000A\000c\000c\000.\000c\000p\000p}{section.6}% 99
\BOOKMARK [2][-]{subsection.6.21}{\376\377\000H\000a\000r\000d\000w\000a\000r\000e\000S\000e\000r\000i\000a\000l\000.\000c\000p\000p\000\040\000F\000i\000l\000e\000\040\000R\000e\000f\000e\000r\000e\000n\000c\000e}{section.6}% 100
\BOOKMARK [3][-]{subsubsection.6.21.1}{\376\377\000D\000e\000f\000i\000n\000e\000\040\000D\000o\000c\000u\000m\000e\000n\000t\000a\000t\000i\000o\000n}{subsection.6.21}% 101
\BOOKMARK [3][-]{subsubsection.6.21.2}{\376\377\000F\000u\000n\000c\000t\000i\000o\000n\000\040\000D\000o\000c\000u\000m\000e\000n\000t\000a\000t\000i\000o\000n}{subsection.6.21}% 102
\BOOKMARK [2][-]{subsection.6.22}{\376\377\000H\000a\000r\000d\000w\000a\000r\000e\000S\000e\000r\000i\000a\000l\000.\000c\000p\000p}{section.6}% 103
\BOOKMARK [2][-]{subsection.6.23}{\376\377\000H\000a\000r\000d\000w\000a\000r\000e\000S\000e\000r\000i\000a\000l\000.\000h\000\040\000F\000i\000l\000e\000\040\000R\000e\000f\000e\000r\000e\000n\000c\000e}{section.6}% 104
\BOOKMARK [2][-]{subsection.6.24}{\376\377\000H\000a\000r\000d\000w\000a\000r\000e\000S\000e\000r\000i\000a\000l\000.\000h}{section.6}% 105
\BOOKMARK [2][-]{subsection.6.25}{\376\377\000I\0002\000C\000\137\000M\000a\000s\000t\000e\000r\000.\000h\000\040\000F\000i\000l\000e\000\040\000R\000e\000f\000e\000r\000e\000n\000c\000e}{section.6}% 106
\BOOKMARK [2][-]{subsection.6.26}{\376\377\000I\0002\000C\000\137\000M\000a\000s\000t\000e\000r\000.\000h}{section.6}% 107
\BOOKMARK [2][-]{subsection.6.27}{\376\377\000I\000M\000U\000.\000c\000p\000p\000\040\000F\000i\000l\000e\000\040\000R\000e\000f\000e\000r\000e\000n\000c\000e}{section.6}% 108
\BOOKMARK [3][-]{subsubsection.6.27.1}{\376\377\000V\000a\000r\000i\000a\000b\000l\000e\000\040\000D\000o\000c\000u\000m\000e\000n\000t\000a\000t\000i\000o\000n}{subsection.6.27}% 109
\BOOKMARK [2][-]{subsection.6.28}{\376\377\000I\000M\000U\000.\000c\000p\000p}{section.6}% 110
\BOOKMARK [2][-]{subsection.6.29}{\376\377\000I\000M\000U\000.\000h\000\040\000F\000i\000l\000e\000\040\000R\000e\000f\000e\000r\000e\000n\000c\000e}{section.6}% 111
\BOOKMARK [2][-]{subsection.6.30}{\376\377\000I\000M\000U\000.\000h}{section.6}% 112
\BOOKMARK [2][-]{subsection.6.31}{\376\377\000I\000M\000U\000M\000a\000n\000a\000g\000e\000r\000.\000c\000p\000p\000\040\000F\000i\000l\000e\000\040\000R\000e\000f\000e\000r\000e\000n\000c\000e}{section.6}% 113
\BOOKMARK [3][-]{subsubsection.6.31.1}{\376\377\000D\000e\000f\000i\000n\000e\000\040\000D\000o\000c\000u\000m\000e\000n\000t\000a\000t\000i\000o\000n}{subsection.6.31}% 114
\BOOKMARK [3][-]{subsubsection.6.31.2}{\376\377\000V\000a\000r\000i\000a\000b\000l\000e\000\040\000D\000o\000c\000u\000m\000e\000n\000t\000a\000t\000i\000o\000n}{subsection.6.31}% 115
\BOOKMARK [2][-]{subsection.6.32}{\376\377\000I\000M\000U\000M\000a\000n\000a\000g\000e\000r\000.\000c\000p\000p}{section.6}% 116
\BOOKMARK [2][-]{subsection.6.33}{\376\377\000N\000e\000w\000D\000e\000l\000.\000c\000p\000p\000\040\000F\000i\000l\000e\000\040\000R\000e\000f\000e\000r\000e\000n\000c\000e}{section.6}% 117
\BOOKMARK [3][-]{subsubsection.6.33.1}{\376\377\000F\000u\000n\000c\000t\000i\000o\000n\000\040\000D\000o\000c\000u\000m\000e\000n\000t\000a\000t\000i\000o\000n}{subsection.6.33}% 118
\BOOKMARK [2][-]{subsection.6.34}{\376\377\000N\000e\000w\000D\000e\000l\000.\000c\000p\000p}{section.6}% 119
\BOOKMARK [2][-]{subsection.6.35}{\376\377\000N\000e\000w\000D\000e\000l\000.\000h\000\040\000F\000i\000l\000e\000\040\000R\000e\000f\000e\000r\000e\000n\000c\000e}{section.6}% 120
\BOOKMARK [3][-]{subsubsection.6.35.1}{\376\377\000F\000u\000n\000c\000t\000i\000o\000n\000\040\000D\000o\000c\000u\000m\000e\000n\000t\000a\000t\000i\000o\000n}{subsection.6.35}% 121
\BOOKMARK [2][-]{subsection.6.36}{\376\377\000N\000e\000w\000D\000e\000l\000.\000h}{section.6}% 122
\BOOKMARK [2][-]{subsection.6.37}{\376\377\000P\000o\000r\000t\000.\000c\000p\000p\000\040\000F\000i\000l\000e\000\040\000R\000e\000f\000e\000r\000e\000n\000c\000e}{section.6}% 123
\BOOKMARK [3][-]{subsubsection.6.37.1}{\376\377\000D\000e\000f\000i\000n\000e\000\040\000D\000o\000c\000u\000m\000e\000n\000t\000a\000t\000i\000o\000n}{subsection.6.37}% 124
\BOOKMARK [3][-]{subsubsection.6.37.2}{\376\377\000F\000u\000n\000c\000t\000i\000o\000n\000\040\000D\000o\000c\000u\000m\000e\000n\000t\000a\000t\000i\000o\000n}{subsection.6.37}% 125
\BOOKMARK [3][-]{subsubsection.6.37.3}{\376\377\000V\000a\000r\000i\000a\000b\000l\000e\000\040\000D\000o\000c\000u\000m\000e\000n\000t\000a\000t\000i\000o\000n}{subsection.6.37}% 126
\BOOKMARK [2][-]{subsection.6.38}{\376\377\000P\000o\000r\000t\000.\000c\000p\000p}{section.6}% 127
\BOOKMARK [2][-]{subsection.6.39}{\376\377\000P\000o\000r\000t\000.\000h\000\040\000F\000i\000l\000e\000\040\000R\000e\000f\000e\000r\000e\000n\000c\000e}{section.6}% 128
\BOOKMARK [2][-]{subsection.6.40}{\376\377\000P\000o\000r\000t\000.\000h}{section.6}% 129
\BOOKMARK [2][-]{subsection.6.41}{\376\377\000P\000r\000i\000n\000t\000.\000c\000p\000p\000\040\000F\000i\000l\000e\000\040\000R\000e\000f\000e\000r\000e\000n\000c\000e}{section.6}% 130
\BOOKMARK [2][-]{subsection.6.42}{\376\377\000P\000r\000i\000n\000t\000.\000c\000p\000p}{section.6}% 131
\BOOKMARK [2][-]{subsection.6.43}{\376\377\000P\000r\000i\000n\000t\000.\000h\000\040\000F\000i\000l\000e\000\040\000R\000e\000f\000e\000r\000e\000n\000c\000e}{section.6}% 132
\BOOKMARK [3][-]{subsubsection.6.43.1}{\376\377\000D\000e\000f\000i\000n\000e\000\040\000D\000o\000c\000u\000m\000e\000n\000t\000a\000t\000i\000o\000n}{subsection.6.43}% 133
\BOOKMARK [2][-]{subsection.6.44}{\376\377\000P\000r\000i\000n\000t\000.\000h}{section.6}% 134
\BOOKMARK [2][-]{subsection.6.45}{\376\377\000T\000i\000m\000e\000r\000C\000n\000t\000r\000.\000c\000p\000p\000\040\000F\000i\000l\000e\000\040\000R\000e\000f\000e\000r\000e\000n\000c\000e}{section.6}% 135
\BOOKMARK [3][-]{subsubsection.6.45.1}{\376\377\000D\000e\000f\000i\000n\000e\000\040\000D\000o\000c\000u\000m\000e\000n\000t\000a\000t\000i\000o\000n}{subsection.6.45}% 136
\BOOKMARK [3][-]{subsubsection.6.45.2}{\376\377\000F\000u\000n\000c\000t\000i\000o\000n\000\040\000D\000o\000c\000u\000m\000e\000n\000t\000a\000t\000i\000o\000n}{subsection.6.45}% 137
\BOOKMARK [2][-]{subsection.6.46}{\376\377\000T\000i\000m\000e\000r\000C\000n\000t\000r\000.\000c\000p\000p}{section.6}% 138
\BOOKMARK [2][-]{subsection.6.47}{\376\377\000T\000i\000m\000e\000r\000C\000n\000t\000r\000.\000h\000\040\000F\000i\000l\000e\000\040\000R\000e\000f\000e\000r\000e\000n\000c\000e}{section.6}% 139
\BOOKMARK [2][-]{subsection.6.48}{\376\377\000T\000i\000m\000e\000r\000C\000n\000t\000r\000.\000h}{section.6}% 140
