This is pdfTeX, Version 3.1415926-2.3-1.40.12 (TeX Live 2011) (format=pdflatex 2011.8.28)  14 SEP 2011 10:08
entering extended mode
 \write18 enabled.
 %&-line parsing enabled.
**refman.tex
(./refman.tex
LaTeX2e <2011/06/27>
Babel <v3.8m> and hyphenation patterns for english, dumylang, nohyphenation, ge
rman-x-2011-07-01, ngerman-x-2011-07-01, afrikaans, ancientgreek, ibycus, arabi
c, armenian, basque, bulgarian, catalan, pinyin, coptic, croatian, czech, danis
h, dutch, ukenglish, usenglishmax, esperanto, estonian, ethiopic, farsi, finnis
h, french, galician, german, ngerman, swissgerman, monogreek, greek, hungarian,
 icelandic, assamese, bengali, gujarati, hindi, kannada, malayalam, marathi, or
iya, panjabi, tamil, telugu, indonesian, interlingua, irish, italian, kurmanji,
 lao, latin, latvian, lithuanian, mongolian, mongolianlmc, bokmal, nynorsk, pol
ish, portuguese, romanian, russian, sanskrit, serbian, serbianc, slovak, sloven
ian, spanish, swedish, turkish, turkmen, ukrainian, uppersorbian, welsh, loaded
.
(/usr/local/texlive/2011/texmf-dist/tex/latex/base/article.cls
Document Class: article 2007/10/19 v1.4h Standard LaTeX document class
(/usr/local/texlive/2011/texmf-dist/tex/latex/base/size10.clo
File: size10.clo 2007/10/19 v1.4h Standard LaTeX file (size option)
)
\c@part=\count79
\c@section=\count80
\c@subsection=\count81
\c@subsubsection=\count82
\c@paragraph=\count83
\c@subparagraph=\count84
\c@figure=\count85
\c@table=\count86
\abovecaptionskip=\skip41
\belowcaptionskip=\skip42
\bibindent=\dimen102
)
(/usr/local/texlive/2011/texmf-dist/tex/latex/base/makeidx.sty
Package: makeidx 2000/03/29 v1.0m Standard LaTeX package
)
(/usr/local/texlive/2011/texmf-dist/tex/latex/graphics/graphicx.sty
Package: graphicx 1999/02/16 v1.0f Enhanced LaTeX Graphics (DPC,SPQR)

(/usr/local/texlive/2011/texmf-dist/tex/latex/graphics/keyval.sty
Package: keyval 1999/03/16 v1.13 key=value parser (DPC)
\KV@toks@=\toks14
)
(/usr/local/texlive/2011/texmf-dist/tex/latex/graphics/graphics.sty
Package: graphics 2009/02/05 v1.0o Standard LaTeX Graphics (DPC,SPQR)

(/usr/local/texlive/2011/texmf-dist/tex/latex/graphics/trig.sty
Package: trig 1999/03/16 v1.09 sin cos tan (DPC)
)
(/usr/local/texlive/2011/texmf-dist/tex/latex/latexconfig/graphics.cfg
File: graphics.cfg 2010/04/23 v1.9 graphics configuration of TeX Live
)
Package graphics Info: Driver file: pdftex.def on input line 91.

(/usr/local/texlive/2011/texmf-dist/tex/latex/pdftex-def/pdftex.def
File: pdftex.def 2011/05/27 v0.06d Graphics/color for pdfTeX

(/usr/local/texlive/2011/texmf-dist/tex/generic/oberdiek/infwarerr.sty
Package: infwarerr 2010/04/08 v1.3 Providing info/warning/message (HO)
)
(/usr/local/texlive/2011/texmf-dist/tex/generic/oberdiek/ltxcmds.sty
Package: ltxcmds 2011/04/18 v1.20 LaTeX kernel commands for general use (HO)
)
\Gread@gobject=\count87
))
\Gin@req@height=\dimen103
\Gin@req@width=\dimen104
)
(/usr/local/texlive/2011/texmf-dist/tex/latex/tools/multicol.sty
Package: multicol 2011/06/27 v1.7a multicolumn formatting (FMi)
\c@tracingmulticols=\count88
\mult@box=\box26
\multicol@leftmargin=\dimen105
\c@unbalance=\count89
\c@collectmore=\count90
\doublecol@number=\count91
\multicoltolerance=\count92
\multicolpretolerance=\count93
\full@width=\dimen106
\page@free=\dimen107
\premulticols=\dimen108
\postmulticols=\dimen109
\multicolsep=\skip43
\multicolbaselineskip=\skip44
\partial@page=\box27
\last@line=\box28
\mult@rightbox=\box29
\mult@grightbox=\box30
\mult@gfirstbox=\box31
\mult@firstbox=\box32
\@tempa=\box33
\@tempa=\box34
\@tempa=\box35
\@tempa=\box36
\@tempa=\box37
\@tempa=\box38
\@tempa=\box39
\@tempa=\box40
\@tempa=\box41
\@tempa=\box42
\@tempa=\box43
\@tempa=\box44
\@tempa=\box45
\@tempa=\box46
\@tempa=\box47
\@tempa=\box48
\@tempa=\box49
\c@columnbadness=\count94
\c@finalcolumnbadness=\count95
\last@try=\dimen110
\multicolovershoot=\dimen111
\multicolundershoot=\dimen112
\mult@nat@firstbox=\box50
\colbreak@box=\box51
\multicol@sort@counter=\count96
)
(/usr/local/texlive/2011/texmf-dist/tex/latex/float/float.sty
Package: float 2001/11/08 v1.3d Float enhancements (AL)
\c@float@type=\count97
\float@exts=\toks15
\float@box=\box52
\@float@everytoks=\toks16
\@floatcapt=\box53
)
(/usr/local/texlive/2011/texmf-dist/tex/latex/listings/listings.sty
\lst@mode=\count98
\lst@gtempboxa=\box54
\lst@token=\toks17
\lst@length=\count99
\lst@currlwidth=\dimen113
\lst@column=\count100
\lst@pos=\count101
\lst@lostspace=\dimen114
\lst@width=\dimen115
\lst@newlines=\count102
\lst@lineno=\count103
\lst@maxwidth=\dimen116

(/usr/local/texlive/2011/texmf-dist/tex/latex/listings/lstmisc.sty
File: lstmisc.sty 2007/02/22 1.4 (Carsten Heinz)
\c@lstnumber=\count104
\lst@skipnumbers=\count105
\lst@framebox=\box55
)
(/usr/local/texlive/2011/texmf-dist/tex/latex/listings/listings.cfg
File: listings.cfg 2007/02/22 1.4 listings configuration
))
Package: listings 2007/02/22 1.4 (Carsten Heinz)

(/usr/local/texlive/2011/texmf-dist/tex/latex/graphics/color.sty
Package: color 2005/11/14 v1.0j Standard LaTeX Color (DPC)

(/usr/local/texlive/2011/texmf-dist/tex/latex/latexconfig/color.cfg
File: color.cfg 2007/01/18 v1.5 color configuration of teTeX/TeXLive
)
Package color Info: Driver file: pdftex.def on input line 130.
)
(/usr/local/texlive/2011/texmf-dist/tex/latex/base/ifthen.sty
Package: ifthen 2001/05/26 v1.1c Standard LaTeX ifthen package (DPC)
)
(/usr/local/texlive/2011/texmf-dist/tex/latex/xcolor/xcolor.sty
Package: xcolor 2007/01/21 v2.11 LaTeX color extensions (UK)

(/usr/local/texlive/2011/texmf-dist/tex/latex/latexconfig/color.cfg
File: color.cfg 2007/01/18 v1.5 color configuration of teTeX/TeXLive
)
Package xcolor Info: Driver file: pdftex.def on input line 225.

(/usr/local/texlive/2011/texmf-dist/tex/latex/colortbl/colortbl.sty
Package: colortbl 2001/02/13 v0.1j Color table columns (DPC)

(/usr/local/texlive/2011/texmf-dist/tex/latex/tools/array.sty
Package: array 2008/09/09 v2.4c Tabular extension package (FMi)
\col@sep=\dimen117
\extrarowheight=\dimen118
\NC@list=\toks18
\extratabsurround=\skip45
\backup@length=\skip46
)
\everycr=\toks19
\minrowclearance=\skip47
)
LaTeX Info: Redefining \color on input line 702.
\rownum=\count106
Package xcolor Info: Model `cmy' substituted by `cmy0' on input line 1337.
Package xcolor Info: Model `hsb' substituted by `rgb' on input line 1341.
Package xcolor Info: Model `RGB' extended on input line 1353.
Package xcolor Info: Model `HTML' substituted by `rgb' on input line 1355.
Package xcolor Info: Model `Hsb' substituted by `hsb' on input line 1356.
Package xcolor Info: Model `tHsb' substituted by `hsb' on input line 1357.
Package xcolor Info: Model `HSB' substituted by `hsb' on input line 1358.
Package xcolor Info: Model `Gray' substituted by `gray' on input line 1359.
Package xcolor Info: Model `wave' substituted by `hsb' on input line 1360.
)
(/usr/local/texlive/2011/texmf-dist/tex/latex/base/textcomp.sty
Package: textcomp 2005/09/27 v1.99g Standard LaTeX package
Package textcomp Info: Sub-encoding information:
(textcomp)               5 = only ISO-Adobe without \textcurrency
(textcomp)               4 = 5 + \texteuro
(textcomp)               3 = 4 + \textohm
(textcomp)               2 = 3 + \textestimated + \textcurrency
(textcomp)               1 = TS1 - \textcircled - \t
(textcomp)               0 = TS1 (full)
(textcomp)             Font families with sub-encoding setting implement
(textcomp)             only a restricted character set as indicated.
(textcomp)             Family '?' is the default used for unknown fonts.
(textcomp)             See the documentation for details.
Package textcomp Info: Setting ? sub-encoding to TS1/1 on input line 71.

(/usr/local/texlive/2011/texmf-dist/tex/latex/base/ts1enc.def
File: ts1enc.def 2001/06/05 v3.0e (jk/car/fm) Standard LaTeX file
)
LaTeX Info: Redefining \oldstylenums on input line 266.
Package textcomp Info: Setting cmr sub-encoding to TS1/0 on input line 281.
Package textcomp Info: Setting cmss sub-encoding to TS1/0 on input line 282.
Package textcomp Info: Setting cmtt sub-encoding to TS1/0 on input line 283.
Package textcomp Info: Setting cmvtt sub-encoding to TS1/0 on input line 284.
Package textcomp Info: Setting cmbr sub-encoding to TS1/0 on input line 285.
Package textcomp Info: Setting cmtl sub-encoding to TS1/0 on input line 286.
Package textcomp Info: Setting ccr sub-encoding to TS1/0 on input line 287.
Package textcomp Info: Setting ptm sub-encoding to TS1/4 on input line 288.
Package textcomp Info: Setting pcr sub-encoding to TS1/4 on input line 289.
Package textcomp Info: Setting phv sub-encoding to TS1/4 on input line 290.
Package textcomp Info: Setting ppl sub-encoding to TS1/3 on input line 291.
Package textcomp Info: Setting pag sub-encoding to TS1/4 on input line 292.
Package textcomp Info: Setting pbk sub-encoding to TS1/4 on input line 293.
Package textcomp Info: Setting pnc sub-encoding to TS1/4 on input line 294.
Package textcomp Info: Setting pzc sub-encoding to TS1/4 on input line 295.
Package textcomp Info: Setting bch sub-encoding to TS1/4 on input line 296.
Package textcomp Info: Setting put sub-encoding to TS1/5 on input line 297.
Package textcomp Info: Setting uag sub-encoding to TS1/5 on input line 298.
Package textcomp Info: Setting ugq sub-encoding to TS1/5 on input line 299.
Package textcomp Info: Setting ul8 sub-encoding to TS1/4 on input line 300.
Package textcomp Info: Setting ul9 sub-encoding to TS1/4 on input line 301.
Package textcomp Info: Setting augie sub-encoding to TS1/5 on input line 302.
Package textcomp Info: Setting dayrom sub-encoding to TS1/3 on input line 303.
Package textcomp Info: Setting dayroms sub-encoding to TS1/3 on input line 304.

Package textcomp Info: Setting pxr sub-encoding to TS1/0 on input line 305.
Package textcomp Info: Setting pxss sub-encoding to TS1/0 on input line 306.
Package textcomp Info: Setting pxtt sub-encoding to TS1/0 on input line 307.
Package textcomp Info: Setting txr sub-encoding to TS1/0 on input line 308.
Package textcomp Info: Setting txss sub-encoding to TS1/0 on input line 309.
Package textcomp Info: Setting txtt sub-encoding to TS1/0 on input line 310.
Package textcomp Info: Setting lmr sub-encoding to TS1/0 on input line 311.
Package textcomp Info: Setting lmdh sub-encoding to TS1/0 on input line 312.
Package textcomp Info: Setting lmss sub-encoding to TS1/0 on input line 313.
Package textcomp Info: Setting lmssq sub-encoding to TS1/0 on input line 314.
Package textcomp Info: Setting lmvtt sub-encoding to TS1/0 on input line 315.
Package textcomp Info: Setting qhv sub-encoding to TS1/0 on input line 316.
Package textcomp Info: Setting qag sub-encoding to TS1/0 on input line 317.
Package textcomp Info: Setting qbk sub-encoding to TS1/0 on input line 318.
Package textcomp Info: Setting qcr sub-encoding to TS1/0 on input line 319.
Package textcomp Info: Setting qcs sub-encoding to TS1/0 on input line 320.
Package textcomp Info: Setting qpl sub-encoding to TS1/0 on input line 321.
Package textcomp Info: Setting qtm sub-encoding to TS1/0 on input line 322.
Package textcomp Info: Setting qzc sub-encoding to TS1/0 on input line 323.
Package textcomp Info: Setting qhvc sub-encoding to TS1/0 on input line 324.
Package textcomp Info: Setting futs sub-encoding to TS1/4 on input line 325.
Package textcomp Info: Setting futx sub-encoding to TS1/4 on input line 326.
Package textcomp Info: Setting futj sub-encoding to TS1/4 on input line 327.
Package textcomp Info: Setting hlh sub-encoding to TS1/3 on input line 328.
Package textcomp Info: Setting hls sub-encoding to TS1/3 on input line 329.
Package textcomp Info: Setting hlst sub-encoding to TS1/3 on input line 330.
Package textcomp Info: Setting hlct sub-encoding to TS1/5 on input line 331.
Package textcomp Info: Setting hlx sub-encoding to TS1/5 on input line 332.
Package textcomp Info: Setting hlce sub-encoding to TS1/5 on input line 333.
Package textcomp Info: Setting hlcn sub-encoding to TS1/5 on input line 334.
Package textcomp Info: Setting hlcw sub-encoding to TS1/5 on input line 335.
Package textcomp Info: Setting hlcf sub-encoding to TS1/5 on input line 336.
Package textcomp Info: Setting pplx sub-encoding to TS1/3 on input line 337.
Package textcomp Info: Setting pplj sub-encoding to TS1/3 on input line 338.
Package textcomp Info: Setting ptmx sub-encoding to TS1/4 on input line 339.
Package textcomp Info: Setting ptmj sub-encoding to TS1/4 on input line 340.
)
(/usr/local/texlive/2011/texmf-dist/tex/latex/base/alltt.sty
Package: alltt 1997/06/16 v2.0g defines alltt environment
)
(/usr/local/texlive/2011/texmf-dist/tex/generic/oberdiek/ifpdf.sty
Package: ifpdf 2011/01/30 v2.3 Provides the ifpdf switch (HO)
Package ifpdf Info: pdfTeX in PDF mode is detected.
)
(/usr/local/texlive/2011/texmf-dist/tex/latex/hyperref/hyperref.sty
Package: hyperref 2011/08/19 v6.82h Hypertext links for LaTeX

(/usr/local/texlive/2011/texmf-dist/tex/generic/oberdiek/hobsub-hyperref.sty
Package: hobsub-hyperref 2011/04/23 v1.4 Bundle oberdiek, subset hyperref (HO)

(/usr/local/texlive/2011/texmf-dist/tex/generic/oberdiek/hobsub-generic.sty
Package: hobsub-generic 2011/04/23 v1.4 Bundle oberdiek, subset generic (HO)
Package: hobsub 2011/04/23 v1.4 Subsetting bundle oberdiek (HO)
Package hobsub Info: Skipping package `infwarerr' (already loaded).
Package hobsub Info: Skipping package `ltxcmds' (already loaded).
Package: ifluatex 2010/03/01 v1.3 Provides the ifluatex switch (HO)
Package ifluatex Info: LuaTeX not detected.
Package: ifvtex 2010/03/01 v1.5 Switches for detecting VTeX and its modes (HO)
Package ifvtex Info: VTeX not detected.
Package: intcalc 2007/09/27 v1.1 Expandable integer calculations (HO)
Package hobsub Info: Skipping package `ifpdf' (already loaded).
Package: etexcmds 2011/02/16 v1.5 Prefix for e-TeX command names (HO)
Package etexcmds Info: Could not find \expanded.
(etexcmds)             That can mean that you are not using pdfTeX 1.50 or
(etexcmds)             that some package has redefined \expanded.
(etexcmds)             In the latter case, load this package earlier.
Package: kvsetkeys 2011/04/07 v1.13 Key value parser (HO)
Package: kvdefinekeys 2011/04/07 v1.3 Defining keys (HO)
Package: pdftexcmds 2011/04/22 v0.16 Utilities of pdfTeX for LuaTeX (HO)
Package pdftexcmds Info: LuaTeX not detected.
Package pdftexcmds Info: \pdf@primitive is available.
Package pdftexcmds Info: \pdf@ifprimitive is available.
Package pdftexcmds Info: \pdfdraftmode found.
Package: pdfescape 2011/04/04 v1.12 Provides string conversions (HO)
Package: bigintcalc 2011/01/30 v1.2 Expandable big integer calculations (HO)
Package: bitset 2011/01/30 v1.1 Data type bit set (HO)
Package: uniquecounter 2011/01/30 v1.2 Provides unlimited unique counter (HO)
)
Package hobsub Info: Skipping package `hobsub' (already loaded).
Package: letltxmacro 2010/09/02 v1.4 Let assignment for LaTeX macros (HO)
Package: hopatch 2011/01/30 v1.0 Wrapper for package hooks (HO)
Package: xcolor-patch 2011/01/30 xcolor patch
Package: atveryend 2011/04/23 v1.7 Hooks at very end of document (HO)
Package: atbegshi 2011/01/30 v1.15 At begin shipout hook (HO)
Package: refcount 2010/12/01 v3.2 Data extraction from references (HO)
Package: hycolor 2011/01/30 v1.7 Color options of hyperref/bookmark (HO)
)
(/usr/local/texlive/2011/texmf-dist/tex/generic/ifxetex/ifxetex.sty
Package: ifxetex 2010/09/12 v0.6 Provides ifxetex conditional
)
(/usr/local/texlive/2011/texmf-dist/tex/latex/oberdiek/kvoptions.sty
Package: kvoptions 2010/12/23 v3.10 Keyval support for LaTeX options (HO)
)
\@linkdim=\dimen119
\Hy@linkcounter=\count107
\Hy@pagecounter=\count108

(/usr/local/texlive/2011/texmf-dist/tex/latex/hyperref/pd1enc.def
File: pd1enc.def 2011/08/19 v6.82h Hyperref: PDFDocEncoding definition (HO)
)
\Hy@SavedSpaceFactor=\count109

(/usr/local/texlive/2011/texmf-dist/tex/latex/latexconfig/hyperref.cfg
File: hyperref.cfg 2002/06/06 v1.2 hyperref configuration of TeXLive
)
Package hyperref Info: Option `colorlinks' set `true' on input line 3932.
Package hyperref Info: Option `unicode' set `true' on input line 3932.

(/usr/local/texlive/2011/texmf-dist/tex/latex/hyperref/puenc.def
File: puenc.def 2011/08/19 v6.82h Hyperref: PDF Unicode definition (HO)
)
Package hyperref Info: Hyper figures OFF on input line 4053.
Package hyperref Info: Link nesting OFF on input line 4058.
Package hyperref Info: Hyper index ON on input line 4061.
Package hyperref Info: Plain pages OFF on input line 4068.
Package hyperref Info: Backreferencing ON on input line 4071.
Package hyperref Info: Implicit mode ON; LaTeX internals redefined.
Package hyperref Info: Bookmarks ON on input line 4291.

(/usr/local/texlive/2011/texmf-dist/tex/latex/hyperref/backref.sty
Package: backref 2010/08/30 v1.36 Bibliographical back referencing

(/usr/local/texlive/2011/texmf-dist/tex/latex/oberdiek/rerunfilecheck.sty
Package: rerunfilecheck 2011/04/15 v1.7 Rerun checks for auxiliary files (HO)
Package uniquecounter Info: New unique counter `rerunfilecheck' on input line 2
82.
))
\c@Hy@tempcnt=\count110

(/usr/local/texlive/2011/texmf-dist/tex/latex/url/url.sty
\Urlmuskip=\muskip10
Package: url 2006/04/12  ver 3.3  Verb mode for urls, etc.
)
LaTeX Info: Redefining \url on input line 4644.
\Fld@menulength=\count111
\Field@Width=\dimen120
\Fld@charsize=\dimen121
Package hyperref Info: Hyper figures OFF on input line 5730.
Package hyperref Info: Link nesting OFF on input line 5735.
Package hyperref Info: Hyper index ON on input line 5738.
Package hyperref Info: backreferencing ON on input line 5743.
Package hyperref Info: Link coloring ON on input line 5748.
Package hyperref Info: Link coloring with OCG OFF on input line 5755.
Package hyperref Info: PDF/A mode OFF on input line 5760.
LaTeX Info: Redefining \ref on input line 5800.
LaTeX Info: Redefining \pageref on input line 5804.
\Hy@abspage=\count112
\c@Item=\count113
\c@Hfootnote=\count114
)

Package hyperref Message: Driver: hpdftex.

(/usr/local/texlive/2011/texmf-dist/tex/latex/hyperref/hpdftex.def
File: hpdftex.def 2011/08/19 v6.82h Hyperref driver for pdfTeX
\Fld@listcount=\count115
\c@bookmark@seq@number=\count116
\Hy@SectionHShift=\skip48
)
(/usr/local/texlive/2011/texmf-dist/tex/latex/base/inputenc.sty
Package: inputenc 2008/03/30 v1.1d Input encoding file
\inpenc@prehook=\toks20
\inpenc@posthook=\toks21

(/usr/local/texlive/2011/texmf-dist/tex/latex/base/utf8.def
File: utf8.def 2008/04/05 v1.1m UTF-8 support for inputenc
Now handling font encoding OML ...
... no UTF-8 mapping file for font encoding OML
Now handling font encoding T1 ...
... processing UTF-8 mapping file for font encoding T1

(/usr/local/texlive/2011/texmf-dist/tex/latex/base/t1enc.dfu
File: t1enc.dfu 2008/04/05 v1.1m UTF-8 support for inputenc
   defining Unicode char U+00A1 (decimal 161)
   defining Unicode char U+00A3 (decimal 163)
   defining Unicode char U+00AB (decimal 171)
   defining Unicode char U+00BB (decimal 187)
   defining Unicode char U+00BF (decimal 191)
   defining Unicode char U+00C0 (decimal 192)
   defining Unicode char U+00C1 (decimal 193)
   defining Unicode char U+00C2 (decimal 194)
   defining Unicode char U+00C3 (decimal 195)
   defining Unicode char U+00C4 (decimal 196)
   defining Unicode char U+00C5 (decimal 197)
   defining Unicode char U+00C6 (decimal 198)
   defining Unicode char U+00C7 (decimal 199)
   defining Unicode char U+00C8 (decimal 200)
   defining Unicode char U+00C9 (decimal 201)
   defining Unicode char U+00CA (decimal 202)
   defining Unicode char U+00CB (decimal 203)
   defining Unicode char U+00CC (decimal 204)
   defining Unicode char U+00CD (decimal 205)
   defining Unicode char U+00CE (decimal 206)
   defining Unicode char U+00CF (decimal 207)
   defining Unicode char U+00D0 (decimal 208)
   defining Unicode char U+00D1 (decimal 209)
   defining Unicode char U+00D2 (decimal 210)
   defining Unicode char U+00D3 (decimal 211)
   defining Unicode char U+00D4 (decimal 212)
   defining Unicode char U+00D5 (decimal 213)
   defining Unicode char U+00D6 (decimal 214)
   defining Unicode char U+00D8 (decimal 216)
   defining Unicode char U+00D9 (decimal 217)
   defining Unicode char U+00DA (decimal 218)
   defining Unicode char U+00DB (decimal 219)
   defining Unicode char U+00DC (decimal 220)
   defining Unicode char U+00DD (decimal 221)
   defining Unicode char U+00DE (decimal 222)
   defining Unicode char U+00DF (decimal 223)
   defining Unicode char U+00E0 (decimal 224)
   defining Unicode char U+00E1 (decimal 225)
   defining Unicode char U+00E2 (decimal 226)
   defining Unicode char U+00E3 (decimal 227)
   defining Unicode char U+00E4 (decimal 228)
   defining Unicode char U+00E5 (decimal 229)
   defining Unicode char U+00E6 (decimal 230)
   defining Unicode char U+00E7 (decimal 231)
   defining Unicode char U+00E8 (decimal 232)
   defining Unicode char U+00E9 (decimal 233)
   defining Unicode char U+00EA (decimal 234)
   defining Unicode char U+00EB (decimal 235)
   defining Unicode char U+00EC (decimal 236)
   defining Unicode char U+00ED (decimal 237)
   defining Unicode char U+00EE (decimal 238)
   defining Unicode char U+00EF (decimal 239)
   defining Unicode char U+00F0 (decimal 240)
   defining Unicode char U+00F1 (decimal 241)
   defining Unicode char U+00F2 (decimal 242)
   defining Unicode char U+00F3 (decimal 243)
   defining Unicode char U+00F4 (decimal 244)
   defining Unicode char U+00F5 (decimal 245)
   defining Unicode char U+00F6 (decimal 246)
   defining Unicode char U+00F8 (decimal 248)
   defining Unicode char U+00F9 (decimal 249)
   defining Unicode char U+00FA (decimal 250)
   defining Unicode char U+00FB (decimal 251)
   defining Unicode char U+00FC (decimal 252)
   defining Unicode char U+00FD (decimal 253)
   defining Unicode char U+00FE (decimal 254)
   defining Unicode char U+00FF (decimal 255)
   defining Unicode char U+0102 (decimal 258)
   defining Unicode char U+0103 (decimal 259)
   defining Unicode char U+0104 (decimal 260)
   defining Unicode char U+0105 (decimal 261)
   defining Unicode char U+0106 (decimal 262)
   defining Unicode char U+0107 (decimal 263)
   defining Unicode char U+010C (decimal 268)
   defining Unicode char U+010D (decimal 269)
   defining Unicode char U+010E (decimal 270)
   defining Unicode char U+010F (decimal 271)
   defining Unicode char U+0110 (decimal 272)
   defining Unicode char U+0111 (decimal 273)
   defining Unicode char U+0118 (decimal 280)
   defining Unicode char U+0119 (decimal 281)
   defining Unicode char U+011A (decimal 282)
   defining Unicode char U+011B (decimal 283)
   defining Unicode char U+011E (decimal 286)
   defining Unicode char U+011F (decimal 287)
   defining Unicode char U+0130 (decimal 304)
   defining Unicode char U+0131 (decimal 305)
   defining Unicode char U+0132 (decimal 306)
   defining Unicode char U+0133 (decimal 307)
   defining Unicode char U+0139 (decimal 313)
   defining Unicode char U+013A (decimal 314)
   defining Unicode char U+013D (decimal 317)
   defining Unicode char U+013E (decimal 318)
   defining Unicode char U+0141 (decimal 321)
   defining Unicode char U+0142 (decimal 322)
   defining Unicode char U+0143 (decimal 323)
   defining Unicode char U+0144 (decimal 324)
   defining Unicode char U+0147 (decimal 327)
   defining Unicode char U+0148 (decimal 328)
   defining Unicode char U+014A (decimal 330)
   defining Unicode char U+014B (decimal 331)
   defining Unicode char U+0150 (decimal 336)
   defining Unicode char U+0151 (decimal 337)
   defining Unicode char U+0152 (decimal 338)
   defining Unicode char U+0153 (decimal 339)
   defining Unicode char U+0154 (decimal 340)
   defining Unicode char U+0155 (decimal 341)
   defining Unicode char U+0158 (decimal 344)
   defining Unicode char U+0159 (decimal 345)
   defining Unicode char U+015A (decimal 346)
   defining Unicode char U+015B (decimal 347)
   defining Unicode char U+015E (decimal 350)
   defining Unicode char U+015F (decimal 351)
   defining Unicode char U+0160 (decimal 352)
   defining Unicode char U+0161 (decimal 353)
   defining Unicode char U+0162 (decimal 354)
   defining Unicode char U+0163 (decimal 355)
   defining Unicode char U+0164 (decimal 356)
   defining Unicode char U+0165 (decimal 357)
   defining Unicode char U+016E (decimal 366)
   defining Unicode char U+016F (decimal 367)
   defining Unicode char U+0170 (decimal 368)
   defining Unicode char U+0171 (decimal 369)
   defining Unicode char U+0178 (decimal 376)
   defining Unicode char U+0179 (decimal 377)
   defining Unicode char U+017A (decimal 378)
   defining Unicode char U+017B (decimal 379)
   defining Unicode char U+017C (decimal 380)
   defining Unicode char U+017D (decimal 381)
   defining Unicode char U+017E (decimal 382)
   defining Unicode char U+200C (decimal 8204)
   defining Unicode char U+2013 (decimal 8211)
   defining Unicode char U+2014 (decimal 8212)
   defining Unicode char U+2018 (decimal 8216)
   defining Unicode char U+2019 (decimal 8217)
   defining Unicode char U+201A (decimal 8218)
   defining Unicode char U+201C (decimal 8220)
   defining Unicode char U+201D (decimal 8221)
   defining Unicode char U+201E (decimal 8222)
   defining Unicode char U+2030 (decimal 8240)
   defining Unicode char U+2031 (decimal 8241)
   defining Unicode char U+2039 (decimal 8249)
   defining Unicode char U+203A (decimal 8250)
   defining Unicode char U+2423 (decimal 9251)
)
Now handling font encoding OT1 ...
... processing UTF-8 mapping file for font encoding OT1

(/usr/local/texlive/2011/texmf-dist/tex/latex/base/ot1enc.dfu
File: ot1enc.dfu 2008/04/05 v1.1m UTF-8 support for inputenc
   defining Unicode char U+00A1 (decimal 161)
   defining Unicode char U+00A3 (decimal 163)
   defining Unicode char U+00B8 (decimal 184)
   defining Unicode char U+00BF (decimal 191)
   defining Unicode char U+00C5 (decimal 197)
   defining Unicode char U+00C6 (decimal 198)
   defining Unicode char U+00D8 (decimal 216)
   defining Unicode char U+00DF (decimal 223)
   defining Unicode char U+00E6 (decimal 230)
   defining Unicode char U+00EC (decimal 236)
   defining Unicode char U+00ED (decimal 237)
   defining Unicode char U+00EE (decimal 238)
   defining Unicode char U+00EF (decimal 239)
   defining Unicode char U+00F8 (decimal 248)
   defining Unicode char U+0131 (decimal 305)
   defining Unicode char U+0141 (decimal 321)
   defining Unicode char U+0142 (decimal 322)
   defining Unicode char U+0152 (decimal 338)
   defining Unicode char U+0153 (decimal 339)
   defining Unicode char U+2013 (decimal 8211)
   defining Unicode char U+2014 (decimal 8212)
   defining Unicode char U+2018 (decimal 8216)
   defining Unicode char U+2019 (decimal 8217)
   defining Unicode char U+201C (decimal 8220)
   defining Unicode char U+201D (decimal 8221)
)
Now handling font encoding OMS ...
... processing UTF-8 mapping file for font encoding OMS

(/usr/local/texlive/2011/texmf-dist/tex/latex/base/omsenc.dfu
File: omsenc.dfu 2008/04/05 v1.1m UTF-8 support for inputenc
   defining Unicode char U+00A7 (decimal 167)
   defining Unicode char U+00B6 (decimal 182)
   defining Unicode char U+00B7 (decimal 183)
   defining Unicode char U+2020 (decimal 8224)
   defining Unicode char U+2021 (decimal 8225)
   defining Unicode char U+2022 (decimal 8226)
)
Now handling font encoding OMX ...
... no UTF-8 mapping file for font encoding OMX
Now handling font encoding U ...
... no UTF-8 mapping file for font encoding U
Now handling font encoding TS1 ...
... processing UTF-8 mapping file for font encoding TS1

(/usr/local/texlive/2011/texmf-dist/tex/latex/base/ts1enc.dfu
File: ts1enc.dfu 2008/04/05 v1.1m UTF-8 support for inputenc
   defining Unicode char U+00A2 (decimal 162)
   defining Unicode char U+00A3 (decimal 163)
   defining Unicode char U+00A4 (decimal 164)
   defining Unicode char U+00A5 (decimal 165)
   defining Unicode char U+00A6 (decimal 166)
   defining Unicode char U+00A7 (decimal 167)
   defining Unicode char U+00A8 (decimal 168)
   defining Unicode char U+00A9 (decimal 169)
   defining Unicode char U+00AA (decimal 170)
   defining Unicode char U+00AC (decimal 172)
   defining Unicode char U+00AE (decimal 174)
   defining Unicode char U+00AF (decimal 175)
   defining Unicode char U+00B0 (decimal 176)
   defining Unicode char U+00B1 (decimal 177)
   defining Unicode char U+00B2 (decimal 178)
   defining Unicode char U+00B3 (decimal 179)
   defining Unicode char U+00B4 (decimal 180)
   defining Unicode char U+00B5 (decimal 181)
   defining Unicode char U+00B6 (decimal 182)
   defining Unicode char U+00B7 (decimal 183)
   defining Unicode char U+00B9 (decimal 185)
   defining Unicode char U+00BA (decimal 186)
   defining Unicode char U+00BC (decimal 188)
   defining Unicode char U+00BD (decimal 189)
   defining Unicode char U+00BE (decimal 190)
   defining Unicode char U+00D7 (decimal 215)
   defining Unicode char U+00F7 (decimal 247)
   defining Unicode char U+0192 (decimal 402)
   defining Unicode char U+02C7 (decimal 711)
   defining Unicode char U+02D8 (decimal 728)
   defining Unicode char U+02DD (decimal 733)
   defining Unicode char U+0E3F (decimal 3647)
   defining Unicode char U+2016 (decimal 8214)
   defining Unicode char U+2020 (decimal 8224)
   defining Unicode char U+2021 (decimal 8225)
   defining Unicode char U+2022 (decimal 8226)
   defining Unicode char U+2030 (decimal 8240)
   defining Unicode char U+2031 (decimal 8241)
   defining Unicode char U+203B (decimal 8251)
   defining Unicode char U+203D (decimal 8253)
   defining Unicode char U+2044 (decimal 8260)
   defining Unicode char U+204E (decimal 8270)
   defining Unicode char U+2052 (decimal 8274)
   defining Unicode char U+20A1 (decimal 8353)
   defining Unicode char U+20A4 (decimal 8356)
   defining Unicode char U+20A6 (decimal 8358)
   defining Unicode char U+20A9 (decimal 8361)
   defining Unicode char U+20AB (decimal 8363)
   defining Unicode char U+20AC (decimal 8364)
   defining Unicode char U+20B1 (decimal 8369)
   defining Unicode char U+2103 (decimal 8451)
   defining Unicode char U+2116 (decimal 8470)
   defining Unicode char U+2117 (decimal 8471)
   defining Unicode char U+211E (decimal 8478)
   defining Unicode char U+2120 (decimal 8480)
   defining Unicode char U+2122 (decimal 8482)
   defining Unicode char U+2126 (decimal 8486)
   defining Unicode char U+2127 (decimal 8487)
   defining Unicode char U+212E (decimal 8494)
   defining Unicode char U+2190 (decimal 8592)
   defining Unicode char U+2191 (decimal 8593)
   defining Unicode char U+2192 (decimal 8594)
   defining Unicode char U+2193 (decimal 8595)
   defining Unicode char U+2329 (decimal 9001)
   defining Unicode char U+232A (decimal 9002)
   defining Unicode char U+2422 (decimal 9250)
   defining Unicode char U+25E6 (decimal 9702)
   defining Unicode char U+25EF (decimal 9711)
   defining Unicode char U+266A (decimal 9834)
)
Now handling font encoding PD1 ...
... no UTF-8 mapping file for font encoding PD1
Now handling font encoding PU ...
... no UTF-8 mapping file for font encoding PU
   defining Unicode char U+00A9 (decimal 169)
   defining Unicode char U+00AA (decimal 170)
   defining Unicode char U+00AE (decimal 174)
   defining Unicode char U+00BA (decimal 186)
   defining Unicode char U+02C6 (decimal 710)
   defining Unicode char U+02DC (decimal 732)
   defining Unicode char U+200C (decimal 8204)
   defining Unicode char U+2026 (decimal 8230)
   defining Unicode char U+2122 (decimal 8482)
   defining Unicode char U+2423 (decimal 9251)
))
(/usr/local/texlive/2011/texmf-dist/tex/latex/psnfss/mathptmx.sty
Package: mathptmx 2005/04/12 PSNFSS-v9.2a Times w/ Math, improved (SPQR, WaS) 
LaTeX Font Info:    Redeclaring symbol font `operators' on input line 28.
LaTeX Font Info:    Overwriting symbol font `operators' in version `normal'
(Font)                  OT1/cmr/m/n --> OT1/ztmcm/m/n on input line 28.
LaTeX Font Info:    Overwriting symbol font `operators' in version `bold'
(Font)                  OT1/cmr/bx/n --> OT1/ztmcm/m/n on input line 28.
LaTeX Font Info:    Redeclaring symbol font `letters' on input line 29.
LaTeX Font Info:    Overwriting symbol font `letters' in version `normal'
(Font)                  OML/cmm/m/it --> OML/ztmcm/m/it on input line 29.
LaTeX Font Info:    Overwriting symbol font `letters' in version `bold'
(Font)                  OML/cmm/b/it --> OML/ztmcm/m/it on input line 29.
LaTeX Font Info:    Redeclaring symbol font `symbols' on input line 30.
LaTeX Font Info:    Overwriting symbol font `symbols' in version `normal'
(Font)                  OMS/cmsy/m/n --> OMS/ztmcm/m/n on input line 30.
LaTeX Font Info:    Overwriting symbol font `symbols' in version `bold'
(Font)                  OMS/cmsy/b/n --> OMS/ztmcm/m/n on input line 30.
LaTeX Font Info:    Redeclaring symbol font `largesymbols' on input line 31.
LaTeX Font Info:    Overwriting symbol font `largesymbols' in version `normal'
(Font)                  OMX/cmex/m/n --> OMX/ztmcm/m/n on input line 31.
LaTeX Font Info:    Overwriting symbol font `largesymbols' in version `bold'
(Font)                  OMX/cmex/m/n --> OMX/ztmcm/m/n on input line 31.
\symbold=\mathgroup4
\symitalic=\mathgroup5
LaTeX Font Info:    Redeclaring math alphabet \mathbf on input line 34.
LaTeX Font Info:    Overwriting math alphabet `\mathbf' in version `normal'
(Font)                  OT1/cmr/bx/n --> OT1/ptm/bx/n on input line 34.
LaTeX Font Info:    Overwriting math alphabet `\mathbf' in version `bold'
(Font)                  OT1/cmr/bx/n --> OT1/ptm/bx/n on input line 34.
LaTeX Font Info:    Redeclaring math alphabet \mathit on input line 35.
LaTeX Font Info:    Overwriting math alphabet `\mathit' in version `normal'
(Font)                  OT1/cmr/m/it --> OT1/ptm/m/it on input line 35.
LaTeX Font Info:    Overwriting math alphabet `\mathit' in version `bold'
(Font)                  OT1/cmr/bx/it --> OT1/ptm/m/it on input line 35.
LaTeX Info: Redefining \hbar on input line 50.
)
(/usr/local/texlive/2011/texmf-dist/tex/latex/psnfss/helvet.sty
Package: helvet 2005/04/12 PSNFSS-v9.2a (WaS) 
)
(/usr/local/texlive/2011/texmf-dist/tex/latex/psnfss/courier.sty
Package: courier 2005/04/12 PSNFSS-v9.2a (WaS) 
)
(./doxygen.sty
Package: doxygen 
 (/usr/local/texlive/2011/texmf-dist/tex/latex/tools/calc.sty
Package: calc 2007/08/22 v4.3 Infix arithmetic (KKT,FJ)
\calc@Acount=\count117
\calc@Bcount=\count118
\calc@Adimen=\dimen122
\calc@Bdimen=\dimen123
\calc@Askip=\skip49
\calc@Bskip=\skip50
LaTeX Info: Redefining \setlength on input line 76.
LaTeX Info: Redefining \addtolength on input line 77.
\calc@Ccount=\count119
\calc@Cskip=\skip51
)
(/usr/local/texlive/2011/texmf-dist/tex/latex/fancyhdr/fancyhdr.sty
\fancy@headwidth=\skip52
\f@ncyO@elh=\skip53
\f@ncyO@erh=\skip54
\f@ncyO@olh=\skip55
\f@ncyO@orh=\skip56
\f@ncyO@elf=\skip57
\f@ncyO@erf=\skip58
\f@ncyO@olf=\skip59
\f@ncyO@orf=\skip60
)
(/usr/local/texlive/2011/texmf-dist/tex/latex/tools/longtable.sty
Package: longtable 2004/02/01 v4.11 Multi-page Table package (DPC)
\LTleft=\skip61
\LTright=\skip62
\LTpre=\skip63
\LTpost=\skip64
\LTchunksize=\count120
\LTcapwidth=\dimen124
\LT@head=\box56
\LT@firsthead=\box57
\LT@foot=\box58
\LT@lastfoot=\box59
\LT@cols=\count121
\LT@rows=\count122
\c@LT@tables=\count123
\c@LT@chunks=\count124
\LT@p@ftn=\toks22
)
(/usr/local/texlive/2011/texmf-dist/tex/latex/tools/verbatim.sty
Package: verbatim 2003/08/22 v1.5q LaTeX2e package for verbatim enhancements
\every@verbatim=\toks23
\verbatim@line=\toks24
\verbatim@in@stream=\read1
)
(/usr/local/texlive/2011/texmf-dist/tex/latex/sectsty/sectsty.sty
Package: sectsty 2002/02/25 v2.0.2 Commands to change all sectional heading sty
les
)
(/usr/local/texlive/2011/texmf-dist/tex/latex/tocloft/tocloft.sty
Package: tocloft 2010/10/13 v2.3e parameterised ToC, etc., typesetting
Package tocloft Info: The document has section divisions on input line 43.
\cftparskip=\skip65
\cftbeforetoctitleskip=\skip66
\cftaftertoctitleskip=\skip67
\cftbeforepartskip=\skip68
\cftpartnumwidth=\skip69
\cftpartindent=\skip70
\cftbeforesecskip=\skip71
\cftsecindent=\skip72
\cftsecnumwidth=\skip73
\cftbeforesubsecskip=\skip74
\cftsubsecindent=\skip75
\cftsubsecnumwidth=\skip76
\cftbeforesubsubsecskip=\skip77
\cftsubsubsecindent=\skip78
\cftsubsubsecnumwidth=\skip79
\cftbeforeparaskip=\skip80
\cftparaindent=\skip81
\cftparanumwidth=\skip82
\cftbeforesubparaskip=\skip83
\cftsubparaindent=\skip84
\cftsubparanumwidth=\skip85
\cftbeforeloftitleskip=\skip86
\cftafterloftitleskip=\skip87
\cftbeforefigskip=\skip88
\cftfigindent=\skip89
\cftfignumwidth=\skip90
\c@lofdepth=\count125
\c@lotdepth=\count126
\cftbeforelottitleskip=\skip91
\cftafterlottitleskip=\skip92
\cftbeforetabskip=\skip93
\cfttabindent=\skip94
\cfttabnumwidth=\skip95
)

Package Fancyhdr Warning: \fancyhead's `E' option without twoside option is use
less on input line 65.


Package Fancyhdr Warning: \fancyhead's `E' option without twoside option is use
less on input line 66.


Package Fancyhdr Warning: \fancyhead's `E' option without twoside option is use
less on input line 67.


Package Fancyhdr Warning: \fancyfoot's `E' option without twoside option is use
less on input line 71.


Package Fancyhdr Warning: \fancyfoot's `E' option without twoside option is use
less on input line 72.


Package Fancyhdr Warning: \fancyfoot's `E' option without twoside option is use
less on input line 73.

\tmplength=\skip96
(/usr/local/texlive/2011/texmf-dist/tex/latex/base/fontenc.sty
Package: fontenc 2005/09/27 v1.99g Standard LaTeX package

(/usr/local/texlive/2011/texmf-dist/tex/latex/base/t1enc.def
File: t1enc.def 2005/09/27 v1.99g Standard LaTeX file
LaTeX Font Info:    Redeclaring font encoding T1 on input line 43.
)))
(/usr/local/texlive/2011/texmf-dist/tex/latex/listings/lstlang1.sty
File: lstlang1.sty 2004/09/05 1.3 listings language file
)
(/usr/local/texlive/2011/texmf-dist/tex/latex/listings/lstlang1.sty
File: lstlang1.sty 2004/09/05 1.3 listings language file
)
(/usr/local/texlive/2011/texmf-dist/tex/latex/listings/lstmisc.sty
File: lstmisc.sty 2007/02/22 1.4 (Carsten Heinz)
)
\@indexfile=\write3
\openout3 = `refman.idx'.


Writing index file refman.idx
(./refman.aux)
\openout1 = `refman.aux'.

LaTeX Font Info:    Checking defaults for OML/cmm/m/it on input line 38.
LaTeX Font Info:    ... okay on input line 38.
LaTeX Font Info:    Checking defaults for T1/cmr/m/n on input line 38.
LaTeX Font Info:    ... okay on input line 38.
LaTeX Font Info:    Checking defaults for OT1/cmr/m/n on input line 38.
LaTeX Font Info:    ... okay on input line 38.
LaTeX Font Info:    Checking defaults for OMS/cmsy/m/n on input line 38.
LaTeX Font Info:    ... okay on input line 38.
LaTeX Font Info:    Checking defaults for OMX/cmex/m/n on input line 38.
LaTeX Font Info:    ... okay on input line 38.
LaTeX Font Info:    Checking defaults for U/cmr/m/n on input line 38.
LaTeX Font Info:    ... okay on input line 38.
LaTeX Font Info:    Checking defaults for TS1/cmr/m/n on input line 38.
LaTeX Font Info:    Try loading font information for TS1+cmr on input line 38.
 (/usr/local/texlive/2011/texmf-dist/tex/latex/base/ts1cmr.fd
File: ts1cmr.fd 1999/05/25 v2.5h Standard LaTeX font definitions
)
LaTeX Font Info:    ... okay on input line 38.
LaTeX Font Info:    Checking defaults for PD1/pdf/m/n on input line 38.
LaTeX Font Info:    ... okay on input line 38.
LaTeX Font Info:    Checking defaults for PU/pdf/m/n on input line 38.
LaTeX Font Info:    ... okay on input line 38.
LaTeX Font Info:    Try loading font information for T1+ptm on input line 38.

(/usr/local/texlive/2011/texmf-dist/tex/latex/psnfss/t1ptm.fd
File: t1ptm.fd 2001/06/04 font definitions for T1/ptm.
)
(/usr/local/texlive/2011/texmf-dist/tex/context/base/supp-pdf.mkii
[Loading MPS to PDF converter (version 2006.09.02).]
\scratchcounter=\count127
\scratchdimen=\dimen125
\scratchbox=\box60
\nofMPsegments=\count128
\nofMParguments=\count129
\everyMPshowfont=\toks25
\MPscratchCnt=\count130
\MPscratchDim=\dimen126
\MPnumerator=\count131
\makeMPintoPDFobject=\count132
\everyMPtoPDFconversion=\toks26
) (/usr/local/texlive/2011/texmf-dist/tex/latex/oberdiek/epstopdf-base.sty
Package: epstopdf-base 2010/02/09 v2.5 Base part for package epstopdf

(/usr/local/texlive/2011/texmf-dist/tex/latex/oberdiek/grfext.sty
Package: grfext 2010/08/19 v1.1 Managing graphics extensions (HO)
)
Package grfext Info: Graphics extension search list:
(grfext)             [.png,.pdf,.jpg,.mps,.jpeg,.jbig2,.jb2,.PNG,.PDF,.JPG,.JPE
G,.JBIG2,.JB2,.eps]
(grfext)             \AppendGraphicsExtensions on input line 452.

(/usr/local/texlive/2011/texmf-dist/tex/latex/latexconfig/epstopdf-sys.cfg
File: epstopdf-sys.cfg 2010/07/13 v1.3 Configuration of (r)epstopdf for TeX Liv
e
))
\c@lstlisting=\count133
\AtBeginShipoutBox=\box61
Package hyperref Info: Link coloring ON on input line 38.

(/usr/local/texlive/2011/texmf-dist/tex/latex/hyperref/nameref.sty
Package: nameref 2010/04/30 v2.40 Cross-referencing by name of section

(/usr/local/texlive/2011/texmf-dist/tex/generic/oberdiek/gettitlestring.sty
Package: gettitlestring 2010/12/03 v1.4 Cleanup title references (HO)
)
\c@section@level=\count134
)
LaTeX Info: Redefining \ref on input line 38.
LaTeX Info: Redefining \pageref on input line 38.
LaTeX Info: Redefining \nameref on input line 38.

(./refman.out) (./refman.out)
\@outlinefile=\write4
\openout4 = `refman.out'.

\big@size=\dimen127
Package hyperref Info: Option `pageanchor' set `false' on input line 39.
 [1

{/usr/local/texlive/2011/texmf-var/fonts/map/pdftex/updmap/pdftex.map}]
LaTeX Font Info:    Font shape `T1/ptm/bx/n' in size <14.4> not available
(Font)              Font shape `T1/ptm/b/n' tried instead on input line 51.
 (./refman.toc
LaTeX Font Info:    Font shape `T1/ptm/bx/n' in size <10> not available
(Font)              Font shape `T1/ptm/b/n' tried instead on input line 1.
LaTeX Font Info:    Try loading font information for OT1+ztmcm on input line 1.


(/usr/local/texlive/2011/texmf-dist/tex/latex/psnfss/ot1ztmcm.fd
File: ot1ztmcm.fd 2000/01/03 Fontinst v1.801 font definitions for OT1/ztmcm.
)
LaTeX Font Info:    Try loading font information for OML+ztmcm on input line 1.


(/usr/local/texlive/2011/texmf-dist/tex/latex/psnfss/omlztmcm.fd
File: omlztmcm.fd 2000/01/03 Fontinst v1.801 font definitions for OML/ztmcm.
)
LaTeX Font Info:    Try loading font information for OMS+ztmcm on input line 1.


(/usr/local/texlive/2011/texmf-dist/tex/latex/psnfss/omsztmcm.fd
File: omsztmcm.fd 2000/01/03 Fontinst v1.801 font definitions for OMS/ztmcm.
)
LaTeX Font Info:    Try loading font information for OMX+ztmcm on input line 1.


(/usr/local/texlive/2011/texmf-dist/tex/latex/psnfss/omxztmcm.fd
File: omxztmcm.fd 2000/01/03 Fontinst v1.801 font definitions for OMX/ztmcm.
)
LaTeX Font Info:    Try loading font information for OT1+ptm on input line 1.

(/usr/local/texlive/2011/texmf-dist/tex/latex/psnfss/ot1ptm.fd
File: ot1ptm.fd 2001/06/04 font definitions for OT1/ptm.
)
LaTeX Font Info:    Font shape `OT1/ptm/bx/n' in size <10> not available
(Font)              Font shape `OT1/ptm/b/n' tried instead on input line 1.
LaTeX Font Info:    Font shape `OT1/ptm/bx/n' in size <7.4> not available
(Font)              Font shape `OT1/ptm/b/n' tried instead on input line 1.
LaTeX Font Info:    Font shape `OT1/ptm/bx/n' in size <6> not available
(Font)              Font shape `OT1/ptm/b/n' tried instead on input line 1.
 [1]
LaTeX Font Info:    Font shape `T1/ptm/bx/n' in size <7> not available
(Font)              Font shape `T1/ptm/b/n' tried instead on input line 407.
 [2])
\tf@toc=\write5
\openout5 = `refman.toc'.

Package hyperref Info: Option `pageanchor' set `true' on input line 53.
LaTeX Font Info:    Try loading font information for OT1+phv on input line 54.

(/usr/local/texlive/2011/texmf-dist/tex/latex/psnfss/ot1phv.fd
File: ot1phv.fd 2001/06/04 scalable font definitions for OT1/phv.
)
LaTeX Font Info:    Font shape `OT1/phv/bc/n' will be
(Font)              scaled to size 12.9599pt on input line 54.
 (./main.tex
[1]
LaTeX Font Info:    Font shape `OT1/phv/bc/n' will be
(Font)              scaled to size 8.99994pt on input line 3.
LaTeX Font Info:    Try loading font information for TS1+ptm on input line 17.
 (/usr/local/texlive/2011/texmf-dist/tex/latex/psnfss/ts1ptm.fd
File: ts1ptm.fd 2001/06/04 font definitions for TS1/ptm.
)
LaTeX Font Info:    Try loading font information for T1+pcr on input line 38.

(/usr/local/texlive/2011/texmf-dist/tex/latex/psnfss/t1pcr.fd
File: t1pcr.fd 2001/06/04 font definitions for T1/pcr.
))
(./hierarchy.tex
LaTeX Font Info:    Font shape `T1/ptm/bx/n' in size <12> not available
(Font)              Font shape `T1/ptm/b/n' tried instead on input line 1.
LaTeX Font Info:    Font shape `OT1/phv/bc/n' will be
(Font)              scaled to size 10.79993pt on input line 1.
 [2]) (./annotated.tex [3]) (./files.tex [4])
(./class_cmd_processor.tex [5] [6]
LaTeX Font Info:    Font shape `T1/ptm/bx/it' in size <10> not available
(Font)              Font shape `T1/ptm/b/it' tried instead on input line 91.

Overfull \hbox (2.49713pt too wide) in paragraph at lines 103--104
[]\T1/ptm/m/n/10 References [][]_-pCmd[][], [][]_-pCmdDelim[][], [][]_-pCmdStri
ng[][], [][]_-pCmdTerm[][], [][]_-pHW[][], and [][]re-setCmd()[][]. 
 []

LaTeX Font Info:    Font shape `OT1/ptm/bx/n' in size <8> not available
(Font)              Font shape `OT1/ptm/b/n' tried instead on input line 113.
LaTeX Font Info:    Font shape `OT1/ptm/bx/n' in size <5> not available
(Font)              Font shape `OT1/ptm/b/n' tried instead on input line 113.
[7]
Overfull \hbox (12.84683pt too wide) in paragraph at lines 138--139
[]\T1/ptm/m/n/10 References [][]_-pCmdDelim[][], [][]_-pCmdString[][], [][]_-pC
mdTerm[][], [][]_-pHW[][], and [][]Hard-ware-Se-rial::end()[][]. 
 []

[8] [9] [10]
LaTeX Font Info:    Font shape `T1/pcr/bx/it' in size <10> not available
(Font)              Font shape `T1/pcr/b/it' tried instead on input line 452.
LaTeX Font Info:    Font shape `T1/pcr/b/it' in size <10> not available
(Font)              Font shape `T1/pcr/b/sl' tried instead on input line 452.
 [11]
LaTeX Font Info:    Font shape `T1/pcr/bx/n' in size <10> not available
(Font)              Font shape `T1/pcr/b/n' tried instead on input line 538.

Overfull \hbox (7.7372pt too wide) in paragraph at lines 546--547
[]\T1/ptm/m/n/10 References [][]_-paramCnt[][], [][]_-pCmd[][], [][]_-pCmdDelim
[][], [][]_-pCmdString[][], [][]_-pTokens[][], and [][]_-validCmd[][]. 
 []

[12] [13]
Overfull \hbox (16.11662pt too wide) in paragraph at lines 694--695
[]\T1/ptm/m/n/10 Referenced by [][]check-Com-mands()[][], [][]Cmd-Pro-ces-sor()
[][], [][]pro-cess-Cmd()[][], and [][]$\OMS/ztmcm/m/n/10 ^^X$\T1/ptm/m/n/10 Cmd
Processor()[][]. 
 []


Overfull \hbox (4.85684pt too wide) in paragraph at lines 711--712
[]\T1/ptm/m/n/10 Referenced by [][]check-Com-mands()[][], [][]Cmd-Pro-ces-sor()
[][], [][]cmdTerm()[][], and [][]$\OMS/ztmcm/m/n/10 ^^X$\T1/ptm/m/n/10 CmdProce
ssor()[][]. 
 []

[14]) (./class_fifo.tex [15] [16] [17] [18]) (./class_hardware_serial.tex
<class_hardware_serial.pdf, id=1450, 501.875pt x 368.34615pt>
File: class_hardware_serial.pdf Graphic file (type pdf)

<use class_hardware_serial.pdf>
Package pdftex.def Info: class_hardware_serial.pdf used on input line 17.
(pdftex.def)             Requested size: 77.52943pt x 56.9055pt.
 [19 <./class_hardware_serial.pdf>] [20]
[21] [22]
Overfull \hbox (43.80025pt too wide) in paragraph at lines 276--276
[]    [][]\T1/pcr/m/n/8 _usart[][]->CTRLA = ([][]_usart[][]->CTRLA & ~USART_RXC
INTLVL_gm) | USART_RXCINTLVL_LO_gc[] 
 []

[23]
Overfull \hbox (43.80025pt too wide) in paragraph at lines 358--358
[]    [][]\T1/pcr/m/n/8 _usart[][]->CTRLA = ([][]_usart[][]->CTRLA & ~USART_RXC
INTLVL_gm) | USART_RXCINTLVL_LO_gc[] 
 []


Overfull \hbox (10.20023pt too wide) in paragraph at lines 383--383
[]    []\T1/pcr/m/n/8 // occurs after reading the value of rx_buffer_head but b
efore writing[][] 
 []


Overfull \hbox (0.60022pt too wide) in paragraph at lines 384--384
[]    []\T1/pcr/m/n/8 // the value to rx_buffer_tail; the previous value of rx_
buffer_head[][] 
 []


Overfull \hbox (10.20023pt too wide) in paragraph at lines 385--385
[]    []\T1/pcr/m/n/8 // may be written to rx_buffer_tail, making it appear as 
if the buffer[][] 
 []


Overfull \hbox (2.87746pt too wide) in paragraph at lines 405--406
[]\T1/ptm/m/n/10 References [][]_-rx_-buffer[][], [][]ring_-buffer::buffer[][],
 [][]ring_-buffer::head[][], [][]RX_-BUFFER_-SIZE[][], and
 []


Overfull \hbox (0.60022pt too wide) in paragraph at lines 414--414
[]    []\T1/pcr/m/n/8 // if the head isn't ahead of the tail, we don't have any
 characters[][] 
 []

[24] [25]
Overfull \hbox (13.87657pt too wide) in paragraph at lines 601--602
[]\T1/ptm/m/n/10 Referenced by [][]avail-able()[][], [][]flush()[][], [][]Hard-
ware-Se-rial()[][], [][]read()[][], [][]rxc()[][], and [][]$\OMS/ztmcm/m/n/10 ^
^X$\T1/ptm/m/n/10 HardwareSerial()[][]. 
 []

[26]
Overfull \hbox (41.8768pt too wide) in paragraph at lines 614--615
[]\T1/ptm/m/n/10 Referenced by [][]be-gin()[][], [][]be-gin2x()[][], [][]end()[
][], [][]Hard-ware-Se-rial()[][], [][]rxc()[][], [][]write()[][], and [][]$\OMS
/ztmcm/m/n/10 ^^X$\T1/ptm/m/n/10 HardwareSerial()[][]. 
 []

) (./class_i2_c___master.tex [27] [28] [29] [30] [31] [32]
Overfull \hbox (44.18608pt too wide) in paragraph at lines 608--609
[]\T1/ptm/m/n/10 Referenced by [][]IMU::Rd()[][], [][]IMU::ReadWord()[][], [][]
IMU::StoreAccData()[][], and [][]IMU::StoreGyroData()[][]. 
 []

[33] [34] [35] [36]) (./class_i2_c_notify.tex
<class_i2_c_notify.pdf, id=2238, 501.875pt x 557.64334pt>
File: class_i2_c_notify.pdf Graphic file (type pdf)

<use class_i2_c_notify.pdf>
Package pdftex.def Info: class_i2_c_notify.pdf used on input line 12.
(pdftex.def)             Requested size: 51.20894pt x 56.9055pt.
 [37 <./class_i2_c_notify.pdf>]) (./class_i_m_u.tex
[38] <class_i_m_u.pdf, id=2291, 501.875pt x 159.32523pt>
File: class_i_m_u.pdf Graphic file (type pdf)
 <use class_i_m_u.pdf>
Package pdftex.def Info: class_i_m_u.pdf used on input line 12.
(pdftex.def)             Requested size: 179.25047pt x 56.9055pt.

Underfull \hbox (badness 10000) in paragraph at lines 27--28

 []

[39 <./class_i_m_u.pdf>] [40] [41] [42] [43]
Overfull \hbox (30.99635pt too wide) in paragraph at lines 488--489
[][]\T1/ptm/m/n/10 _-pMas[][], [][]_-pNextIMU[][], [][]_-previousState[][], [][
]_-pTimer[][], [][]_-Rate[][], [][]_-State[][], [][]fNone[][], [][]I2C_-Master:
:NotifyMe()[][],
 []

[44] [45] [46]
Overfull \hbox (16.86655pt too wide) in paragraph at lines 756--757
[]\T1/ptm/m/n/10 References [][]_-aID[][], [][]_-gID[][], [][]_-numChans[][], [
][]_-pMas[][], [][]buffer[][], [][]I2C_-Master::CheckID()[][], [][]Print::print
()[][],
 []

[47] [48]
Overfull \hbox (43.80025pt too wide) in paragraph at lines 833--834
[]        \T1/pcr/m/n/8 { [][]_gID[][][idx], 0x12, 0xff},                     [
]// Enable all outputs to to[] 
 []


Overfull \hbox (43.80025pt too wide) in paragraph at lines 836--837
[]    []\T1/pcr/m/n/8 //    { _gID[idx], 0x14, _aID[idx] >> 1},             // 
Set slave address of[] 
 []


Overfull \hbox (0.60022pt too wide) in paragraph at lines 838--838
[]        \T1/pcr/m/n/8 { [][]_gID[][][idx], 0x15, gval},                     [
]// Set sample rate[][] 
 []


Overfull \hbox (39.00024pt too wide) in paragraph at lines 841--842
[]    []\T1/pcr/m/n/8 //    { _gID[idx], 0x18, 0x80 | 0x28},              // Se
t burst address for[] 
 []

[49]
Overfull \hbox (14.65678pt too wide) in paragraph at lines 939--940
[]\T1/ptm/m/n/10 References [][]_-failCount[][], [][]_-failType[][], [][]_-nack
Count[][], [][]_-pMas[][], [][]_-previousState[][], [][]fAr-bLost[][], [][]fBus
Err[][],
 []

[50] [51]
Overfull \hbox (6.66687pt too wide) in paragraph at lines 1098--1099
[]\T1/ptm/m/n/10 References [][]_-bFailDetected[][], [][]_-bRun[][], [][]_-fail
Count[][], [][]_-failType[][], [][]_-pDBGPort2[][], [][]_-previousState[][],
 []

[52]
Overfull \hbox (6.66687pt too wide) in paragraph at lines 1150--1151
[]\T1/ptm/m/n/10 References [][]_-bFailDetected[][], [][]_-bRun[][], [][]_-fail
Count[][], [][]_-failType[][], [][]_-pDBGPort2[][], [][]_-previousState[][],
 []


Overfull \hbox (5.07661pt too wide) in paragraph at lines 1150--1151
[][]\T1/ptm/m/n/10 Fail-Re-cov-ery()[][], [][]fBusErr[][], [][]pBusErr[][], [][
]Re-set-Busy-Time()[][], [][]sEr-rRecover[][], [][]Set-State()[][], and [][]Sta
rt-
 []

[53] [54] [55]
Overfull \hbox (2.2466pt too wide) in paragraph at lines 1399--1400
[][]\T1/ptm/m/n/10 Push-Data()[][], [][]Set-State()[][], [][]sReadAcc1[][], [][
]sReadAcc2[][], [][]sReadGyro1[][], [][]sReadGyro2[][], [][]Start-Trans-
 []

[56]
Overfull \hbox (4.69719pt too wide) in paragraph at lines 1494--1495
[]\T1/ptm/m/n/10 References [][]_-aID[][], [][]_-bDualChan[][], [][]_-gID[][], 
[][]_-numChans[][], [][]_-pMas[][], and [][]I2C_-Master::CheckID()[][]. 
 []

[57]
Overfull \hbox (16.8559pt too wide) in paragraph at lines 1629--1630
[]\T1/ptm/m/n/10 References [][]_-pMas[][], [][]I2C_-Master::begin()[][], [][]I
2C_-Master::end()[][], and [][]I2C_-Master::NotifyMe()[][]. 
 []

[58]
Overfull \hbox (1.50743pt too wide) in paragraph at lines 1662--1663
[]\T1/ptm/m/n/10 Referenced by [][]Con-fig-ure()[][], [][]I2CArbLost()[][], [][
]I2CBusError()[][], [][]I2CNack()[][], [][]I2CReadDone()[][],
 []

[59]
Overfull \hbox (8.77701pt too wide) in paragraph at lines 1779--1780
[]\T1/ptm/m/n/10 References [][]_-bRun[][], [][]_-bUseGyro[][], [][]_-pDBGPort2
[][], [][]_-pMas[][], [][]_-State[][], [][]I2C_-Master::busy()[][], [][]Busy-
 []

[60] [61]
Overfull \hbox (4.86713pt too wide) in paragraph at lines 1925--1926
[]\T1/ptm/m/n/10 Referenced by [][]Fail-Re-cov-ery()[][], [][]I2CArbLost()[][],
 [][]I2CBusError()[][], [][]I2CNack()[][], [][]Pro-cessTrans-
 []


Overfull \hbox (28.03549pt too wide) in paragraph at lines 1954--1955
[]\T1/ptm/m/n/10 References [][]_-pTimer[][], [][]Timer-C-ntr::CCEnable()[][], 
[][]Timer-C-ntr::ClkSel()[][], [][]Timer-C-ntr::EventSetup()[][],
 []

[62]
Overfull \hbox (8.16695pt too wide) in paragraph at lines 2029--2030
[]\T1/ptm/m/n/10 References [][]_-bRun[][], [][]_-numChans[][], [][]_-pDBGPort2
[][], [][]_-State[][], [][]Con-fig-ure()[][], [][]Print::print()[][], [][]pSetu
p[][],
 []

[63] [64]
Overfull \hbox (1.39676pt too wide) in paragraph at lines 2135--2136
[]\T1/ptm/m/n/10 References [][]_-aID[][], [][]_-gID[][], [][]_-State[][], [][]
RdAsync()[][], [][]Re-set-Busy-Time()[][], [][]sReadAcc1[][], [][]sReadAcc2[][]
,
 []


Overfull \hbox (4.86713pt too wide) in paragraph at lines 2139--2140
[]\T1/ptm/m/n/10 Referenced by [][]Fail-Re-cov-ery()[][], [][]I2CArbLost()[][],
 [][]I2CBusError()[][], [][]I2CNack()[][], [][]Pro-cessTrans-
 []

[65] [66] [67]
Overfull \hbox (25.82666pt too wide) in paragraph at lines 2381--2382
[]\T1/ptm/m/n/10 Referenced by [][]DataReady()[][], [][]Get-Pack-et-Data()[][],
 [][]IMU()[][], [][]Pro-cessTrans-ac-tion()[][], and [][]QueryChan-
 []


Overfull \hbox (20.93709pt too wide) in paragraph at lines 2407--2408
[]\T1/ptm/m/n/10 Referenced by [][]I2CArbLost()[][], [][]I2CBusError()[][], [][
]I2CNack()[][], [][]I2CReadDone()[][], [][]I2CWriteDone()[][],
 []

[68]
Overfull \hbox (17.45705pt too wide) in paragraph at lines 2511--2512
[]\T1/ptm/m/n/10 Referenced by [][]Fail-Re-cov-ery()[][], [][]Get-Pack-et-Data(
)[][], [][]I2CArbLost()[][], [][]I2CBusError()[][], [][]I2CNack()[][],
 []

[69]
Overfull \hbox (20.93709pt too wide) in paragraph at lines 2593--2594
[]\T1/ptm/m/n/10 Referenced by [][]I2CArbLost()[][], [][]I2CBusError()[][], [][
]I2CNack()[][], [][]I2CReadDone()[][], [][]I2CWriteDone()[][],
 []


Overfull \hbox (3.1271pt too wide) in paragraph at lines 2606--2607
[]\T1/ptm/m/n/10 Referenced by [][]Check-IDs()[][], [][]Fail-Re-cov-ery()[][], 
[][]ForceS-tart-Stop()[][], [][]IMU()[][], [][]QueryChan-nels()[][],
 []

[70]) (./class_i_m_u_base.tex
<class_i_m_u_base.pdf, id=4031, 501.875pt x 573.57286pt>
File: class_i_m_u_base.pdf Graphic file (type pdf)

<use class_i_m_u_base.pdf>
Package pdftex.def Info: class_i_m_u_base.pdf used on input line 12.
(pdftex.def)             Requested size: 49.79222pt x 56.9055pt.
 [71] [72 <./class_i_m_u_base.pdf>] [73])
(./class_port.tex [74] [75] [76] [77] [78]
Overfull \hbox (17.13573pt too wide) in paragraph at lines 467--468
\T1/ptm/m/n/10 trol()[][], [][]Port()[][], [][]Set-Dir()[][], [][]Set-Pin-sAs-I
n-put()[][], [][]Set-Pin-sAsOut-put()[][], [][]Set-Pin-sHigh()[][], [][]Set-Pin
sLow()[][],
 []

[79]) (./class_port_notify.tex) (./class_print.tex [80]
<class_print.pdf, id=4342, 501.875pt x 368.34615pt>
File: class_print.pdf Graphic file (type pdf)
 <use class_print.pdf>
Package pdftex.def Info: class_print.pdf used on input line 12.
(pdftex.def)             Requested size: 77.52943pt x 56.9055pt.

[81 <./class_print.pdf>]
Overfull \hbox (7.97627pt too wide) in paragraph at lines 94--95
[]\T1/ptm/m/n/10 Referenced by [][]Cmd-Pro-ces-sor::checkCommands()[][], [][]IM
U::CheckIDs()[][], [][]Fi-foTest()[][], [][]main()[][],
 []

[82] [83] [84] [85] [86] [87]) (./struct_i_m_u_1_1reg_write.tex [88])
(./structring__buffer.tex
Overfull \hbox (22.78561pt too wide) in paragraph at lines 48--49
[]\T1/ptm/m/n/10 Referenced by [][]Hard-ware-Se-rial::available()[][], [][]Hard
-ware-Se-rial::flush()[][], [][]Hard-ware-Se-rial::read()[][],
 []


Overfull \hbox (22.78561pt too wide) in paragraph at lines 61--62
[]\T1/ptm/m/n/10 Referenced by [][]Hard-ware-Se-rial::available()[][], [][]Hard
-ware-Se-rial::flush()[][], [][]Hard-ware-Se-rial::read()[][],
 []

) (./class_timer_cntr.tex [89] [90] [91] [92] [93] [94] [95] [96])
(./class_timer_notify.tex
<class_timer_notify.pdf, id=4955, 501.875pt x 477.97571pt>
File: class_timer_notify.pdf Graphic file (type pdf)

<use class_timer_notify.pdf>
Package pdftex.def Info: class_timer_notify.pdf used on input line 12.
(pdftex.def)             Requested size: 59.7476pt x 56.9055pt.
 [97 <./class_timer_notify.pdf>])
(./clksystem_8cpp.tex [98]
Overfull \hbox (8.26987pt too wide) in paragraph at lines 17--17
[]\T1/ptm/m/it/9 This macro must al-ways be used in con-junc-tion with AVR_-ENT
ER_-CRITICAL_-REGION
 []


Overfull \hbox (21.88861pt too wide) in alignment at lines 95--100
 [] [] 
 []


Underfull \vbox (badness 10000) detected at line 100
 []

[99]
Overfull \hbox (25.47774pt too wide) in paragraph at lines 107--108
[]\T1/ptm/m/n/10 References [][]AVR_-ENTER_-CRITICAL_-REGION[][], and [][]AVR_-
LEAVE_-CRITICAL_-REGION[][]. 
 []


Overfull \hbox (43.80025pt too wide) in paragraph at lines 158--158
[]    []\T1/pcr/m/n/8 while[] (--maxWait && !(OSC.STATUS & (OSC_RC32MRDY_bm | O
SC_RC32KRDY_bm | OSC_R[] 
 []

[100]
Overfull \hbox (0.60022pt too wide) in paragraph at lines 185--185
[]        []\T1/pcr/m/n/8 // Okay, the PLL is up on the new clock. Set the pres
calers then[][] 
 []


Overfull \hbox (24.60023pt too wide) in paragraph at lines 192--192
[]        []\T1/pcr/m/n/8 // When all is done, make the PLL be the clock source
 for the system.[][] 
 []

) (./clksystem_8cpp_source.tex
Overfull \hbox (38.20024pt too wide) in paragraph at lines 14--14
[][][]\T1/pcr/m/n/8 00010[][] []#define AVR_ENTER_CRITICAL_REGION( ) uint8_t vo
latile saved_sreg = SREG; $\OMS/ztmcm/m/n/8 n$[][] 
 []

[101]
Overfull \hbox (5.40022pt too wide) in paragraph at lines 55--55
[]\T1/pcr/m/n/8 00062     []// Enable the internal 32Mhz oscillator. Disables a
ll the rest.[][] 
 []


Overfull \hbox (19.80023pt too wide) in paragraph at lines 58--58
[]\T1/pcr/m/n/8 00065     []//OSC.XOSCCTRL = 0; // we don't care, just set this
 to some value.[][] 
 []


Overfull \hbox (0.60022pt too wide) in paragraph at lines 60--60
[]\T1/pcr/m/n/8 00067     []// Wait for the external oscilator. Don't wait fore
ver though.[][] 
 []


Overfull \hbox (72.60027pt too wide) in paragraph at lines 62--62
[]\T1/pcr/m/n/8 00069     []while[] (--maxWait && !(OSC.STATUS & (OSC_RC32MRDY_
bm | OSC_RC32KRDY_bm | OSC_R[] 
 []


Overfull \hbox (24.60023pt too wide) in paragraph at lines 71--71
[]\T1/pcr/m/n/8 00077     []// If the external oscilator is running, then we ca
n switch the PLL[][] 
 []


Overfull \hbox (5.40022pt too wide) in paragraph at lines 74--74
[]\T1/pcr/m/n/8 00080         []// Setup the PLL to use the internal 32Mhz osci
llator and a[][] 
 []


Overfull \hbox (15.00023pt too wide) in paragraph at lines 77--77
[]\T1/pcr/m/n/8 00083         []// Make sure this is disabled before we try and
 configure it.[][] 
 []


Overfull \hbox (0.60022pt too wide) in paragraph at lines 80--80
[]\T1/pcr/m/n/8 00086         OSC.PLLCTRL = OSC_PLLSRC_RC32M_gc | (16 << OSC_PL
LFAC_gp);[] 
 []


Overfull \hbox (29.40024pt too wide) in paragraph at lines 89--89
[]\T1/pcr/m/n/8 00095         []// Okay, the PLL is up on the new clock. Set th
e prescalers then[][] 
 []


Overfull \hbox (53.40025pt too wide) in paragraph at lines 96--96
[]\T1/pcr/m/n/8 00102         []// When all is done, make the PLL be the clock 
source for the system.[][] 
 []

[102]) (./clksystem_8h.tex
Overfull \hbox (43.80025pt too wide) in paragraph at lines 42--42
[]    []\T1/pcr/m/n/8 while[] (--maxWait && !(OSC.STATUS & (OSC_RC32MRDY_bm | O
SC_RC32KRDY_bm | OSC_R[] 
 []


Overfull \hbox (0.60022pt too wide) in paragraph at lines 69--69
[]        []\T1/pcr/m/n/8 // Okay, the PLL is up on the new clock. Set the pres
calers then[][] 
 []

[103]
Overfull \hbox (24.60023pt too wide) in paragraph at lines 76--76
[]        []\T1/pcr/m/n/8 // When all is done, make the PLL be the clock source
 for the system.[][] 
 []

) (./clksystem_8h_source.tex) (./_cmd_processor_8cpp.tex)
(./_cmd_processor_8cpp_source.tex [104]
Overfull \hbox (5.40022pt too wide) in paragraph at lines 62--62
[]\T1/pcr/m/n/8 00075                 [][]_pCmdString[][][[][]_cmdPos[][]] = 0;
 []// Null terminate command[][] 
 []

[105] [106]) (./_cmd_processor_8h.tex) (./_cmd_processor_8h_source.tex [107])
(./cpp__hacks_8cpp.tex [108]) (./cpp__hacks_8cpp_source.tex)
(./cpp__hacks_8h.tex [109]) (./cpp__hacks_8h_source.tex)
(./_documentation_8html.tex) (./_documentation_8html_source.tex)
(./fifo_8cpp.tex [110]
Overfull \hbox (8.39581pt too wide) in paragraph at lines 33--34
[]\T1/ptm/m/n/10 References [][]buffer[][], [][]Fifo::clear()[][], [][]Fifo::co
unt()[][], [][]Fifo::pop()[][], [][]Print::print()[][], and [][]Fifo::push()[][
]. 
 []

) (./fifo_8cpp_source.tex [111] [112]) (./fifo_8h.tex
Overfull \hbox (8.39581pt too wide) in paragraph at lines 35--36
[]\T1/ptm/m/n/10 References [][]buffer[][], [][]Fifo::clear()[][], [][]Fifo::co
unt()[][], [][]Fifo::pop()[][], [][]Print::print()[][], and [][]Fifo::push()[][
]. 
 []

[113]) (./fifo_8h_source.tex [114]) (./_gyro_acc_8cpp.tex [115]
Overfull \hbox (21.32593pt too wide) in paragraph at lines 94--95
[]\T1/ptm/m/n/10 References [][]I2C_-Master::begin()[][], [][]Hard-ware-Se-rial
::begin()[][], [][]buffer[][], [][]Hard-ware-Se-rial::enable()[][],
 []

[116]
Overfull \hbox (0.60022pt too wide) in paragraph at lines 153--153
[]    []\T1/pcr/m/n/8 // When constructed without a list of ID's, the IMU will 
query known[][] 
 []


Overfull \hbox (15.00023pt too wide) in paragraph at lines 154--154
[]    []\T1/pcr/m/n/8 // ID's 0xD0 and 0xD2 for the Gyro, and then 0x30 and 0x3
2 respectively[][] 
 []

[117]
Overfull \hbox (43.00024pt too wide) in paragraph at lines 195--196
[]    \T1/pcr/m/n/8 sprintf(buffer,[]"Welcome to Gyro Glove.$\OMS/ztmcm/m/n/8 n
$\T1/pcr/m/n/8 nRev %d.%d.%d Date: %02d/%02d/%04d Bui[] 
 []

[118]) (./_gyro_acc_8cpp_source.tex
Overfull \hbox (19.80023pt too wide) in paragraph at lines 43--43
[]\T1/pcr/m/n/8 00039     PMIC.CTRL |= PMIC_HILVLEN_bm | PMIC_LOLVLEN_bm | PMIC
_MEDLVLEN_bm;[] 
 []


Overfull \hbox (0.60022pt too wide) in paragraph at lines 58--58
[]\T1/pcr/m/n/8 00054     []// Specify the USART, PORT, rxPin and txPin and the
 baud rate.[][] 
 []

[119]
Overfull \hbox (29.40024pt too wide) in paragraph at lines 92--92
[]\T1/pcr/m/n/8 00088     []// When constructed without a list of ID's, the IMU
 will query known[][] 
 []


Overfull \hbox (43.80025pt too wide) in paragraph at lines 93--93
[]\T1/pcr/m/n/8 00089     []// ID's 0xD0 and 0xD2 for the Gyro, and then 0x30 a
nd 0x32 respectively[][] 
 []

[120]
Overfull \hbox (71.80026pt too wide) in paragraph at lines 132--133
[]\T1/pcr/m/n/8 00130     sprintf(buffer,[]"Welcome to Gyro Glove.$\OMS/ztmcm/m
/n/8 n$\T1/pcr/m/n/8 nRev %d.%d.%d Date: %02d/%02d/%04d Bui[] 
 []

) (./_hardware_serial_8cpp.tex [121] [122]
Overfull \hbox (59.63557pt too wide) in paragraph at lines 169--170
[]\T1/ptm/m/n/10 Referenced by [][]Hard-ware-Se-rial::begin2x()[][], [][]Hard-w
are-Se-rial::end()[][], [][]Hard-ware-Se-rial::HardwareSerial()[][],
 []


Overfull \hbox (27.85516pt too wide) in paragraph at lines 169--170
[][]\T1/ptm/m/n/10 Timer-C-ntr::TimerCntr()[][], [][]HardwareSerial::$\OMS/ztmc
m/m/n/10 ^^X$\T1/ptm/m/n/10 HardwareSerial()[][], and [][]TimerCntr::$\OMS/ztmc
m/m/n/10 ^^X$\T1/ptm/m/n/10 TimerCntr()[][]. 
 []

[123]
Overfull \hbox (23.87675pt too wide) in paragraph at lines 214--215
[]\T1/ptm/m/n/10 References [][]ring_-buffer::buffer[][], [][]ring_-buffer::hea
d[][], [][]RX_-BUFFER_-SIZE[][], and [][]ring_-buffer::tail[][]. 
 []


Overfull \hbox (0.60022pt too wide) in paragraph at lines 227--227
[]    []\T1/pcr/m/n/8 // current location of the tail), we're about to overflow
 the buffer[][] 
 []

) (./_hardware_serial_8cpp_source.tex
Overfull \hbox (48.60025pt too wide) in paragraph at lines 15--15
[]\T1/pcr/m/n/8 00010 []// Define constants and variables for buffering incomin
g serial data.  We're[][] 
 []


Overfull \hbox (53.40025pt too wide) in paragraph at lines 16--16
[]\T1/pcr/m/n/8 00011 []// using a ring buffer (I think), in which rx_buffer_he
ad is the index of the[][] 
 []


Overfull \hbox (48.60025pt too wide) in paragraph at lines 17--17
[]\T1/pcr/m/n/8 00012 []// location to which to write the next incoming charact
er and rx_buffer_tail[][] 
 []


Overfull \hbox (53.40025pt too wide) in paragraph at lines 27--27
[]\T1/pcr/m/n/8 00022 []// Generate all of the ISR handlers.. hook them up to a
 class if/when a class[][] 
 []

[124]
Overfull \hbox (24.60023pt too wide) in paragraph at lines 56--56
[]\T1/pcr/m/n/8 00051     []// if we should be storing the received character i
nto the location[][] 
 []


Overfull \hbox (24.60023pt too wide) in paragraph at lines 57--57
[]\T1/pcr/m/n/8 00052     []// just before the tail (meaning that the head woul
d advance to the[][] 
 []


Overfull \hbox (29.40024pt too wide) in paragraph at lines 58--58
[]\T1/pcr/m/n/8 00053     []// current location of the tail), we're about to ov
erflow the buffer[][] 
 []

[125]
Overfull \hbox (67.80026pt too wide) in paragraph at lines 108--108
[]\T1/pcr/m/n/8 00110 []// Constructors ///////////////////////////////////////
/////////////////////////[][] 
 []


Overfull \hbox (10.20023pt too wide) in paragraph at lines 116--116
[]\T1/pcr/m/n/8 00118     [][]_rx_buffer[][] = ([][]ring_buffer[][]*)malloc([][
]RX_BUFFER_SIZE[][]+2*[]sizeof[]([]int[]));[] 
 []


Overfull \hbox (67.80026pt too wide) in paragraph at lines 136--136
[]\T1/pcr/m/n/8 00138 []// Public Methods /////////////////////////////////////
/////////////////////////[][] 
 []

[126]
Overfull \hbox (19.80023pt too wide) in paragraph at lines 160--160
[]\T1/pcr/m/n/8 00162     [][]_usart[][]->BAUDCTRLB = ((bscale & 0xf) << 4) | (
(BSEL & 0xf00) >> 8);[] 
 []


Overfull \hbox (5.40022pt too wide) in paragraph at lines 168--168
[]\T1/pcr/m/n/8 00170     [][]_usart[][]->CTRLC = USART_CHSIZE_8BIT_gc | USART_
PMODE_DISABLED_gc;[] 
 []


Overfull \hbox (72.60027pt too wide) in paragraph at lines 194--194
[]\T1/pcr/m/n/8 00196     [][]_usart[][]->CTRLA = ([][]_usart[][]->CTRLA & ~USA
RT_RXCINTLVL_gm) | USART_RXCINTLVL_LO_gc[] 
 []


Overfull \hbox (5.40022pt too wide) in paragraph at lines 198--198
[]\T1/pcr/m/n/8 00199     [][]_usart[][]->CTRLC = USART_CHSIZE_8BIT_gc | USART_
PMODE_DISABLED_gc;[] 
 []


Overfull \hbox (72.60027pt too wide) in paragraph at lines 209--209
[]\T1/pcr/m/n/8 00210     [][]_usart[][]->CTRLA = ([][]_usart[][]->CTRLA & ~USA
RT_RXCINTLVL_gm) | USART_RXCINTLVL_LO_gc[] 
 []

[127]
Overfull \hbox (5.40022pt too wide) in paragraph at lines 215--215
[]\T1/pcr/m/n/8 00215     []return[] ([][]RX_BUFFER_SIZE[][] + [][]_rx_buffer[]
[]->[][]head[][] - [][]_rx_buffer[][]->[][]tail[][]) %[] 
 []


Overfull \hbox (29.40024pt too wide) in paragraph at lines 221--221
[]\T1/pcr/m/n/8 00220     []// if the head isn't ahead of the tail, we don't ha
ve any characters[][] 
 []


Overfull \hbox (5.40022pt too wide) in paragraph at lines 226--226
[]\T1/pcr/m/n/8 00225         [][]_rx_buffer[][]->[][]tail[][] = ([][]_rx_buffe
r[][]->[][]tail[][] + 1) % [][]RX_BUFFER_SIZE[][];[] 
 []


Overfull \hbox (19.80023pt too wide) in paragraph at lines 233--233
[]\T1/pcr/m/n/8 00232     []// don't reverse this or there may be problems if t
he RX interrupt[][] 
 []


Overfull \hbox (39.00024pt too wide) in paragraph at lines 234--234
[]\T1/pcr/m/n/8 00233     []// occurs after reading the value of rx_buffer_head
 but before writing[][] 
 []


Overfull \hbox (29.40024pt too wide) in paragraph at lines 235--235
[]\T1/pcr/m/n/8 00234     []// the value to rx_buffer_tail; the previous value 
of rx_buffer_head[][] 
 []


Overfull \hbox (39.00024pt too wide) in paragraph at lines 236--236
[]\T1/pcr/m/n/8 00235     []// may be written to rx_buffer_tail, making it appe
ar as if the buffer[][] 
 []

) (./_hardware_serial_8h.tex) (./_hardware_serial_8h_source.tex [128]
Overfull \hbox (53.40025pt too wide) in paragraph at lines 43--43
[]\T1/pcr/m/n/8 00049     []using[] [][]Print::write[][]; []// pull in write(st
r) and write(buf, size) from Print[][] 
 []

) (./_i2_c___master_8h.tex [129]) (./_i2_c___master_8h_source.tex [130]
Overfull \hbox (0.60022pt too wide) in paragraph at lines 104--104
[]\T1/pcr/m/n/8 00099     []// < 0 indicates an error: -1 == NACK -1 = Some oth
er error???[][] 
 []


Overfull \hbox (5.40022pt too wide) in paragraph at lines 107--107
[]\T1/pcr/m/n/8 00102     [][]ErrorType[][] [][]WriteSync[][](uint8_t ID, uint8
_t* Data, uint8_t nBytes);[] 
 []


Overfull \hbox (43.80025pt too wide) in paragraph at lines 110--110
[]\T1/pcr/m/n/8 00105     []// maxcnt indidcates how many bytes to attempt to r
ead. Will read until[][] 
 []

[131]
Overfull \hbox (34.20024pt too wide) in paragraph at lines 148--148
[]\T1/pcr/m/n/8 00143     [][]ErrorType[][] [][]WigglePin[][](uint8_t cnt, uint
8_t pinSel, uint8_t otherState);[] 
 []

) (./_i_m_u_8cpp.tex [132]
Overfull \hbox (33.56636pt too wide) in paragraph at lines 38--39
[]\T1/ptm/m/n/10 Referenced by [][]IMU::CheckIDs()[][], [][]Fi-foTest()[][], []
[]main()[][], [][]IMU::ReadWord()[][], and [][]IMU::WrAsync()[][]. 
 []

) (./_i_m_u_8cpp_source.tex [133] [134] [135] [136] [137] [138] [139] [140]
[141]
Overfull \hbox (0.60022pt too wide) in paragraph at lines 550--550
[]\T1/pcr/m/n/8 00638             memcpy(pData,&[][]_dataBuffer[][][1][0],IMUPa
cket::PacketLen);[] 
 []


Overfull \hbox (28.60023pt too wide) in paragraph at lines 572--572
[]\T1/pcr/m/n/8 00660             sprintf(buffer,[]"Gyro%d (0x%x):NAck (%d).$\O
MS/ztmcm/m/n/8 n$\T1/pcr/m/n/8 n"[],x,[][]_gID[][][x],retc);[] 
 []

[142]
Overfull \hbox (23.80023pt too wide) in paragraph at lines 581--581
[]\T1/pcr/m/n/8 00669             sprintf(buffer,[]"Acc%d (0x%x):NAck (%d).$\OM
S/ztmcm/m/n/8 n$\T1/pcr/m/n/8 n"[],x,[][]_aID[][][x],retc);[] 
 []

[143]
Overfull \hbox (0.60022pt too wide) in paragraph at lines 646--646
[][][]\T1/pcr/m/n/8 00766[][] []int[] [][]IMU::Rd[][](uint8_t ID, uint8_t addr,
 uint8_t cnt, uint8_t* pData)[] 
 []

[144]
Overfull \hbox (72.60027pt too wide) in paragraph at lines 707--708
[]\T1/pcr/m/n/8 00831         { [][]_gID[][][idx], 0x12, 0xff},                
     []// Enable all outputs to to[] 
 []


Overfull \hbox (72.60027pt too wide) in paragraph at lines 710--711
[]\T1/pcr/m/n/8 00833     []//    { _gID[idx], 0x14, _aID[idx] >> 1},          
   // Set slave address of[] 
 []


Overfull \hbox (29.40024pt too wide) in paragraph at lines 712--712
[]\T1/pcr/m/n/8 00834         { [][]_gID[][][idx], 0x15, gval},                
     []// Set sample rate[][] 
 []


Overfull \hbox (67.80026pt too wide) in paragraph at lines 715--716
[]\T1/pcr/m/n/8 00837     []//    { _gID[idx], 0x18, 0x80 | 0x28},             
 // Set burst address for[] 
 []

) (./_i_m_u_8h.tex [145]) (./_i_m_u_8h_source.tex [146] [147]
Overfull \hbox (0.60022pt too wide) in paragraph at lines 174--174
[]\T1/pcr/m/n/8 00170     []int[] [][]Rd[][](uint8_t ID, uint8_t addr, uint8_t 
cnt, uint8_t* pData);[] 
 []

[148]) (./_i_m_u_manager_8cpp.tex [149] [150])
(./_i_m_u_manager_8cpp_source.tex [151] [152] [153]
Overfull \hbox (10.20023pt too wide) in paragraph at lines 169--169
[]\T1/pcr/m/n/8 00172     []// Note: I had this set to 2X the sample rate (in m
illiseconds),[][] 
 []


Overfull \hbox (5.40022pt too wide) in paragraph at lines 170--170
[]\T1/pcr/m/n/8 00173     []// but that was a problem. The IMU's wait until the
re is 2X the[][] 
 []


Overfull \hbox (10.20023pt too wide) in paragraph at lines 171--171
[]\T1/pcr/m/n/8 00174     []// amount of data in the fifo, so that takes 2X the
 time, and we[][] 
 []

[154] [155] [156] [157] [158]) (./_new_del_8cpp.tex [159])
(./_new_del_8cpp_source.tex) (./_new_del_8h.tex [160])
(./_new_del_8h_source.tex) (./_port_8cpp.tex [161] [162])
(./_port_8cpp_source.tex
Overfull \hbox (53.40025pt too wide) in paragraph at lines 17--17
[]\T1/pcr/m/n/8 00012 []// Generate all of the ISR handlers.. hook them up to a
 class if/when a class[][] 
 []

[163] [164] [165]) (./_port_8h.tex) (./_port_8h_source.tex [166])
(./_print_8cpp.tex) (./_print_8cpp_source.tex
Overfull \hbox (5.40022pt too wide) in paragraph at lines 13--13
[]\T1/pcr/m/n/8 00008 [] version 2.1 of the License, or (at your option) any la
ter version.[][] 
 []


Overfull \hbox (0.60022pt too wide) in paragraph at lines 17--17
[]\T1/pcr/m/n/8 00012 [] MERCHANTABILITY or FITNESS FOR A PARTICULAR PURPOSE.  
See the GNU[][] 
 []


Overfull \hbox (10.20023pt too wide) in paragraph at lines 21--21
[]\T1/pcr/m/n/8 00016 [] License along with this library; if not, write to the 
Free Software[][] 
 []


Overfull \hbox (43.80025pt too wide) in paragraph at lines 22--22
[]\T1/pcr/m/n/8 00017 [] Foundation, Inc., 51 Franklin St, Fifth Floor, Boston,
 MA  02110-1301  USA[][] 
 []


Overfull \hbox (67.80026pt too wide) in paragraph at lines 34--34
[]\T1/pcr/m/n/8 00029 []// Public Methods /////////////////////////////////////
/////////////////////////[][] 
 []

[167] [168]
Overfull \hbox (67.80026pt too wide) in paragraph at lines 155--155
[]\T1/pcr/m/n/8 00150 []// Private Methods ////////////////////////////////////
/////////////////////////[][] 
 []

[169]) (./_print_8h.tex [170]) (./_print_8h_source.tex [171]
Overfull \hbox (10.20023pt too wide) in paragraph at lines 13--13
[]\T1/pcr/m/n/8 00008 []  version 2.1 of the License, or (at your option) any l
ater version.[][] 
 []


Overfull \hbox (5.40022pt too wide) in paragraph at lines 17--17
[]\T1/pcr/m/n/8 00012 []  MERCHANTABILITY or FITNESS FOR A PARTICULAR PURPOSE. 
 See the GNU[][] 
 []


Overfull \hbox (0.60022pt too wide) in paragraph at lines 20--20
[]\T1/pcr/m/n/8 00015 []  You should have received a copy of the GNU Lesser Gen
eral Public[][] 
 []


Overfull \hbox (15.00023pt too wide) in paragraph at lines 21--21
[]\T1/pcr/m/n/8 00016 []  License along with this library; if not, write to the
 Free Software[][] 
 []


Overfull \hbox (48.60025pt too wide) in paragraph at lines 22--22
[]\T1/pcr/m/n/8 00017 []  Foundation, Inc., 51 Franklin St, Fifth Floor, Boston
, MA  02110-1301  USA[][] 
 []

[172]) (./_timer_cntr_8cpp.tex [173] [174]) (./_timer_cntr_8cpp_source.tex
[175]
Overfull \hbox (53.40025pt too wide) in paragraph at lines 15--15
[]\T1/pcr/m/n/8 00010 []// Generate all of the ISR handlers.. hook them up to a
 class if/when a class[][] 
 []

[176] [177] [178] [179]) (./_timer_cntr_8h.tex) (./_timer_cntr_8h_source.tex
[180]) (./refman.ind [181] [182

])
Package atveryend Info: Empty hook `BeforeClearDocument' on input line 127.
Package atveryend Info: Empty hook `AfterLastShipout' on input line 127.
 (./refman.aux)
Package atveryend Info: Executing hook `AtVeryEndDocument' on input line 127.
Package atveryend Info: Executing hook `AtEndAfterFileList' on input line 127.
Package rerunfilecheck Info: File `refman.out' has not changed.
(rerunfilecheck)             Checksum: D15CDC3D4A096DF91730D54A9B1E4755;24934.
 ) 
Here is how much of TeX's memory you used:
 12503 strings out of 493629
 214468 string characters out of 3143323
 284279 words of memory out of 3000000
 13905 multiletter control sequences out of 15000+200000
 60194 words of font info for 91 fonts, out of 3000000 for 9000
 831 hyphenation exceptions out of 8191
 41i,13n,58p,1360b,584s stack positions out of 5000i,500n,10000p,200000b,50000s
{/usr/local/texlive/2011/texmf-dist/fonts/enc/dvips/base/8r.enc}</usr/local/t
exlive/2011/texmf-dist/fonts/type1/public/amsfonts/cm/cmmi10.pfb></usr/local/te
xlive/2011/texmf-dist/fonts/type1/public/amsfonts/cm/cmr10.pfb></usr/local/texl
ive/2011/texmf-dist/fonts/type1/public/amsfonts/cm/cmsy10.pfb></usr/local/texli
ve/2011/texmf-dist/fonts/type1/urw/courier/ucrb8a.pfb></usr/local/texlive/2011/
texmf-dist/fonts/type1/urw/courier/ucrbo8a.pfb></usr/local/texlive/2011/texmf-d
ist/fonts/type1/urw/courier/ucrr8a.pfb></usr/local/texlive/2011/texmf-dist/font
s/type1/urw/helvetic/uhvb8ac.pfb></usr/local/texlive/2011/texmf-dist/fonts/type
1/urw/times/utmb8a.pfb></usr/local/texlive/2011/texmf-dist/fonts/type1/urw/time
s/utmbi8a.pfb></usr/local/texlive/2011/texmf-dist/fonts/type1/urw/times/utmr8a.
pfb></usr/local/texlive/2011/texmf-dist/fonts/type1/urw/times/utmri8a.pfb>
Output written on refman.pdf (185 pages, 641034 bytes).
PDF statistics:
 8130 PDF objects out of 8907 (max. 8388607)
 7841 compressed objects within 79 object streams
 1563 named destinations out of 1728 (max. 500000)
 1151 words of extra memory for PDF output out of 10000 (max. 10000000)

